
*** Running vivado
    with args -log bd_17e7_eth_buf_0.vds -m64 -product Vivado -mode batch -messageDb vivado.pb -notrace -source bd_17e7_eth_buf_0.tcl


****** Vivado v2022.2.2 (64-bit)
  **** SW Build 3788238 on Tue Feb 21 19:59:23 MST 2023
  **** IP Build 3783773 on Tue Feb 21 23:41:56 MST 2023
    ** Copyright 1986-2023 Xilinx, Inc. All Rights Reserved.

source bd_17e7_eth_buf_0.tcl -notrace
INFO: [IP_Flow 19-6924] IPCACHE: Running cache check for IP inst: bd_17e7_eth_buf_0
Command: synth_design -top bd_17e7_eth_buf_0 -part xck26-sfvc784-2LV-c -incremental_mode off -mode out_of_context
Starting synth_design
Attempting to get a license for feature 'Synthesis' and/or device 'xck26'
INFO: [Common 17-349] Got license for feature 'Synthesis' and/or device 'xck26'
INFO: [Device 21-403] Loading part xck26-sfvc784-2LV-c
INFO: [Synth 8-7079] Multithreading enabled for synth_design using a maximum of 4 processes.
INFO: [Synth 8-7078] Launching helper process for spawning children vivado processes
INFO: [Synth 8-7075] Helper process launched with PID 169237
INFO: [Synth 8-11241] undeclared symbol 'REGCCE', assumed default net type 'wire' [/tools/Xilinx/Vivado/2022.2/data/verilog/src/unimacro/BRAM_SINGLE_MACRO.v:2170]
---------------------------------------------------------------------------------
Starting RTL Elaboration : Time (s): cpu = 00:00:06 ; elapsed = 00:00:08 . Memory (MB): peak = 3337.254 ; gain = 242.801 ; free physical = 241 ; free virtual = 14732
Synthesis current peak Physical Memory [PSS] (MB): peak = 2136.463; parent = 1981.051; children = 155.412
Synthesis current peak Virtual Memory [VSS] (MB): peak = 4332.672; parent = 3341.227; children = 991.445
---------------------------------------------------------------------------------
INFO: [Synth 8-638] synthesizing module 'bd_17e7_eth_buf_0' [/home/denmann99/Documents/kria_eth/hw/kria_state_machine/kria_state_machine.gen/sources_1/bd/kria_eth_top/ip/kria_eth_top_axi_ethernet_0_2/bd_0/ip/ip_0/synth/bd_17e7_eth_buf_0.vhd:166]
	Parameter C_FAMILY bound to: zynquplus - type: string 
	Parameter C_TXMEM bound to: 4096 - type: integer 
	Parameter C_TEMAC_ADDR_WIDTH bound to: 12 - type: integer 
	Parameter C_RXMEM bound to: 4096 - type: integer 
	Parameter C_TXCSUM bound to: 0 - type: integer 
	Parameter C_RXCSUM bound to: 0 - type: integer 
	Parameter C_PHYADDR bound to: 1 - type: integer 
	Parameter C_AVB bound to: 0 - type: integer 
	Parameter C_STATS bound to: 1 - type: integer 
	Parameter C_PHY_TYPE bound to: 3 - type: integer 
	Parameter C_TYPE bound to: 1 - type: integer 
	Parameter C_TXVLAN_TRAN bound to: 0 - type: integer 
	Parameter C_RXVLAN_TRAN bound to: 0 - type: integer 
	Parameter C_TXVLAN_TAG bound to: 0 - type: integer 
	Parameter C_RXVLAN_TAG bound to: 0 - type: integer 
	Parameter C_TXVLAN_STRP bound to: 0 - type: integer 
	Parameter C_RXVLAN_STRP bound to: 0 - type: integer 
	Parameter C_MCAST_EXTEND bound to: 0 - type: integer 
	Parameter C_ENABLE_LVDS bound to: 0 - type: integer 
	Parameter C_ENABLE_1588 bound to: 0 - type: integer 
	Parameter C_SIMULATION bound to: 0 - type: integer 
	Parameter C_PHY_RST_COUNT bound to: 500 - type: integer 
INFO: [Synth 8-3491] module 'axi_ethernet_buffer_v2_0_24' declared at '/home/denmann99/Documents/kria_eth/hw/kria_state_machine/kria_state_machine.gen/sources_1/bd/kria_eth_top/ipshared/1ed2/hdl/axi_ethernet_buffer_v2_0_rfs.vhd:32623' bound to instance 'U0' of component 'axi_ethernet_buffer_v2_0_24' [/home/denmann99/Documents/kria_eth/hw/kria_state_machine/kria_state_machine.gen/sources_1/bd/kria_eth_top/ip/kria_eth_top_axi_ethernet_0_2/bd_0/ip/ip_0/synth/bd_17e7_eth_buf_0.vhd:433]
INFO: [Synth 8-638] synthesizing module 'axi_lite_ipif' [/home/denmann99/Documents/kria_eth/hw/kria_state_machine/kria_state_machine.gen/sources_1/bd/kria_eth_top/ipshared/66ea/hdl/axi_lite_ipif_v3_0_vh_rfs.vhd:2948]
INFO: [Synth 8-638] synthesizing module 'slave_attachment' [/home/denmann99/Documents/kria_eth/hw/kria_state_machine/kria_state_machine.gen/sources_1/bd/kria_eth_top/ipshared/66ea/hdl/axi_lite_ipif_v3_0_vh_rfs.vhd:2341]
INFO: [Synth 8-638] synthesizing module 'address_decoder' [/home/denmann99/Documents/kria_eth/hw/kria_state_machine/kria_state_machine.gen/sources_1/bd/kria_eth_top/ipshared/66ea/hdl/axi_lite_ipif_v3_0_vh_rfs.vhd:1775]
INFO: [Synth 8-256] done synthesizing module 'address_decoder' (0#1) [/home/denmann99/Documents/kria_eth/hw/kria_state_machine/kria_state_machine.gen/sources_1/bd/kria_eth_top/ipshared/66ea/hdl/axi_lite_ipif_v3_0_vh_rfs.vhd:1775]
INFO: [Synth 8-226] default block is never used [/home/denmann99/Documents/kria_eth/hw/kria_state_machine/kria_state_machine.gen/sources_1/bd/kria_eth_top/ipshared/66ea/hdl/axi_lite_ipif_v3_0_vh_rfs.vhd:2550]
INFO: [Synth 8-256] done synthesizing module 'slave_attachment' (0#1) [/home/denmann99/Documents/kria_eth/hw/kria_state_machine/kria_state_machine.gen/sources_1/bd/kria_eth_top/ipshared/66ea/hdl/axi_lite_ipif_v3_0_vh_rfs.vhd:2341]
INFO: [Synth 8-256] done synthesizing module 'axi_lite_ipif' (0#1) [/home/denmann99/Documents/kria_eth/hw/kria_state_machine/kria_state_machine.gen/sources_1/bd/kria_eth_top/ipshared/66ea/hdl/axi_lite_ipif_v3_0_vh_rfs.vhd:2948]
INFO: [Synth 8-6157] synthesizing module 'xpm_memory_tdpram' [/tools/Xilinx/Vivado/2022.2/data/ip/xpm/xpm_memory/hdl/xpm_memory.sv:8964]
INFO: [Synth 8-6157] synthesizing module 'xpm_memory_base' [/tools/Xilinx/Vivado/2022.2/data/ip/xpm/xpm_memory/hdl/xpm_memory.sv:56]
INFO: [Synth 8-6059] Synth Info: [XPM_MEMORY 20-2] MEMORY_INIT_FILE (none), MEMORY_INIT_PARAM together specify no memory initialization. Initial memory contents will be all 0's.   [/tools/Xilinx/Vivado/2022.2/data/ip/xpm/xpm_memory/hdl/xpm_memory.sv:495]
INFO: [Synth 8-6155] done synthesizing module 'xpm_memory_base' (0#1) [/tools/Xilinx/Vivado/2022.2/data/ip/xpm/xpm_memory/hdl/xpm_memory.sv:56]
INFO: [Synth 8-6155] done synthesizing module 'xpm_memory_tdpram' (0#1) [/tools/Xilinx/Vivado/2022.2/data/ip/xpm/xpm_memory/hdl/xpm_memory.sv:8964]
INFO: [Synth 8-6157] synthesizing module 'xpm_memory_tdpram__parameterized1' [/tools/Xilinx/Vivado/2022.2/data/ip/xpm/xpm_memory/hdl/xpm_memory.sv:8964]
INFO: [Synth 8-6157] synthesizing module 'xpm_memory_base__parameterized0' [/tools/Xilinx/Vivado/2022.2/data/ip/xpm/xpm_memory/hdl/xpm_memory.sv:56]
INFO: [Synth 8-6059] Synth Info: [XPM_MEMORY 20-2] MEMORY_INIT_FILE (none), MEMORY_INIT_PARAM together specify no memory initialization. Initial memory contents will be all 0's.   [/tools/Xilinx/Vivado/2022.2/data/ip/xpm/xpm_memory/hdl/xpm_memory.sv:495]
INFO: [Synth 8-6155] done synthesizing module 'xpm_memory_base__parameterized0' (0#1) [/tools/Xilinx/Vivado/2022.2/data/ip/xpm/xpm_memory/hdl/xpm_memory.sv:56]
INFO: [Synth 8-6155] done synthesizing module 'xpm_memory_tdpram__parameterized1' (0#1) [/tools/Xilinx/Vivado/2022.2/data/ip/xpm/xpm_memory/hdl/xpm_memory.sv:8964]
INFO: [Synth 8-6157] synthesizing module 'xpm_fifo_sync' [/tools/Xilinx/Vivado/2022.2/data/ip/xpm/xpm_fifo/hdl/xpm_fifo.sv:1955]
INFO: [Synth 8-6157] synthesizing module 'xpm_fifo_base' [/tools/Xilinx/Vivado/2022.2/data/ip/xpm/xpm_fifo/hdl/xpm_fifo.sv:55]
INFO: [Synth 8-6157] synthesizing module 'xpm_memory_base__parameterized1' [/tools/Xilinx/Vivado/2022.2/data/ip/xpm/xpm_memory/hdl/xpm_memory.sv:56]
INFO: [Synth 8-6155] done synthesizing module 'xpm_memory_base__parameterized1' (0#1) [/tools/Xilinx/Vivado/2022.2/data/ip/xpm/xpm_memory/hdl/xpm_memory.sv:56]
INFO: [Synth 8-226] default block is never used [/tools/Xilinx/Vivado/2022.2/data/ip/xpm/xpm_fifo/hdl/xpm_fifo.sv:1207]
INFO: [Synth 8-226] default block is never used [/tools/Xilinx/Vivado/2022.2/data/ip/xpm/xpm_fifo/hdl/xpm_fifo.sv:1274]
INFO: [Synth 8-226] default block is never used [/tools/Xilinx/Vivado/2022.2/data/ip/xpm/xpm_fifo/hdl/xpm_fifo.sv:1296]
INFO: [Synth 8-6157] synthesizing module 'xpm_fifo_reg_bit' [/tools/Xilinx/Vivado/2022.2/data/ip/xpm/xpm_fifo/hdl/xpm_fifo.sv:1907]
INFO: [Synth 8-6155] done synthesizing module 'xpm_fifo_reg_bit' (0#1) [/tools/Xilinx/Vivado/2022.2/data/ip/xpm/xpm_fifo/hdl/xpm_fifo.sv:1907]
INFO: [Synth 8-6157] synthesizing module 'xpm_counter_updn' [/tools/Xilinx/Vivado/2022.2/data/ip/xpm/xpm_fifo/hdl/xpm_fifo.sv:1859]
INFO: [Synth 8-6155] done synthesizing module 'xpm_counter_updn' (0#1) [/tools/Xilinx/Vivado/2022.2/data/ip/xpm/xpm_fifo/hdl/xpm_fifo.sv:1859]
INFO: [Synth 8-6157] synthesizing module 'xpm_fifo_rst' [/tools/Xilinx/Vivado/2022.2/data/ip/xpm/xpm_fifo/hdl/xpm_fifo.sv:1619]
INFO: [Synth 8-6155] done synthesizing module 'xpm_fifo_rst' (0#1) [/tools/Xilinx/Vivado/2022.2/data/ip/xpm/xpm_fifo/hdl/xpm_fifo.sv:1619]
INFO: [Synth 8-6157] synthesizing module 'xpm_counter_updn__parameterized0' [/tools/Xilinx/Vivado/2022.2/data/ip/xpm/xpm_fifo/hdl/xpm_fifo.sv:1859]
INFO: [Synth 8-6155] done synthesizing module 'xpm_counter_updn__parameterized0' (0#1) [/tools/Xilinx/Vivado/2022.2/data/ip/xpm/xpm_fifo/hdl/xpm_fifo.sv:1859]
INFO: [Synth 8-6157] synthesizing module 'xpm_counter_updn__parameterized1' [/tools/Xilinx/Vivado/2022.2/data/ip/xpm/xpm_fifo/hdl/xpm_fifo.sv:1859]
INFO: [Synth 8-6155] done synthesizing module 'xpm_counter_updn__parameterized1' (0#1) [/tools/Xilinx/Vivado/2022.2/data/ip/xpm/xpm_fifo/hdl/xpm_fifo.sv:1859]
INFO: [Synth 8-6157] synthesizing module 'xpm_counter_updn__parameterized2' [/tools/Xilinx/Vivado/2022.2/data/ip/xpm/xpm_fifo/hdl/xpm_fifo.sv:1859]
INFO: [Synth 8-6155] done synthesizing module 'xpm_counter_updn__parameterized2' (0#1) [/tools/Xilinx/Vivado/2022.2/data/ip/xpm/xpm_fifo/hdl/xpm_fifo.sv:1859]
INFO: [Synth 8-6155] done synthesizing module 'xpm_fifo_base' (0#1) [/tools/Xilinx/Vivado/2022.2/data/ip/xpm/xpm_fifo/hdl/xpm_fifo.sv:55]
INFO: [Synth 8-6155] done synthesizing module 'xpm_fifo_sync' (0#1) [/tools/Xilinx/Vivado/2022.2/data/ip/xpm/xpm_fifo/hdl/xpm_fifo.sv:1955]
INFO: [Synth 8-6157] synthesizing module 'xpm_memory_tdpram__parameterized3' [/tools/Xilinx/Vivado/2022.2/data/ip/xpm/xpm_memory/hdl/xpm_memory.sv:8964]
INFO: [Synth 8-6157] synthesizing module 'xpm_memory_base__parameterized2' [/tools/Xilinx/Vivado/2022.2/data/ip/xpm/xpm_memory/hdl/xpm_memory.sv:56]
INFO: [Synth 8-6059] Synth Info: [XPM_MEMORY 20-2] MEMORY_INIT_FILE (none), MEMORY_INIT_PARAM together specify no memory initialization. Initial memory contents will be all 0's.   [/tools/Xilinx/Vivado/2022.2/data/ip/xpm/xpm_memory/hdl/xpm_memory.sv:495]
INFO: [Synth 8-6157] synthesizing module 'asym_bwe_bb' [/tools/Xilinx/Vivado/2022.2/data/ip/xpm/xpm_memory/hdl/xpm_memory.sv:8100]
INFO: [Synth 8-6155] done synthesizing module 'xpm_memory_base__parameterized2' (0#1) [/tools/Xilinx/Vivado/2022.2/data/ip/xpm/xpm_memory/hdl/xpm_memory.sv:56]
INFO: [Synth 8-6155] done synthesizing module 'xpm_memory_tdpram__parameterized3' (0#1) [/tools/Xilinx/Vivado/2022.2/data/ip/xpm/xpm_memory/hdl/xpm_memory.sv:8964]
INFO: [Synth 8-256] done synthesizing module 'bd_17e7_eth_buf_0' (0#1) [/home/denmann99/Documents/kria_eth/hw/kria_state_machine/kria_state_machine.gen/sources_1/bd/kria_eth_top/ip/kria_eth_top_axi_ethernet_0_2/bd_0/ip/ip_0/synth/bd_17e7_eth_buf_0.vhd:166]
WARNING: [Synth 8-6014] Unused sequential element gen_rd_b.gen_doutb_pipe.enb_pipe_reg[0] was removed.  [/tools/Xilinx/Vivado/2022.2/data/ip/xpm/xpm_memory/hdl/xpm_memory.sv:3017]
WARNING: [Synth 8-6014] Unused sequential element gen_fwft.empty_fwft_fb_reg was removed.  [/tools/Xilinx/Vivado/2022.2/data/ip/xpm/xpm_fifo/hdl/xpm_fifo.sv:1391]
WARNING: [Synth 8-7129] Port Tx_Client_TxD_2_Mem_Dout[8] in module tx_emac_if is either unconnected or has no load
WARNING: [Synth 8-7129] Port reset2axi_str_txd in module tx_emac_if is either unconnected or has no load
WARNING: [Synth 8-7129] Port Tx_Client_TxC_2_Mem_Dout[35] in module tx_emac_if is either unconnected or has no load
WARNING: [Synth 8-7129] Port Tx_Client_TxC_2_Mem_Dout[34] in module tx_emac_if is either unconnected or has no load
WARNING: [Synth 8-7129] Port Tx_Client_TxC_2_Mem_Dout[33] in module tx_emac_if is either unconnected or has no load
WARNING: [Synth 8-7129] Port Tx_Client_TxC_2_Mem_Dout[32] in module tx_emac_if is either unconnected or has no load
WARNING: [Synth 8-7129] Port Tx_Client_TxC_2_Mem_Dout[31] in module tx_emac_if is either unconnected or has no load
WARNING: [Synth 8-7129] Port Tx_Client_TxC_2_Mem_Dout[30] in module tx_emac_if is either unconnected or has no load
WARNING: [Synth 8-7129] Port Tx_Client_TxC_2_Mem_Dout[29] in module tx_emac_if is either unconnected or has no load
WARNING: [Synth 8-7129] Port Tx_Client_TxC_2_Mem_Dout[28] in module tx_emac_if is either unconnected or has no load
WARNING: [Synth 8-7129] Port Tx_Client_TxC_2_Mem_Dout[27] in module tx_emac_if is either unconnected or has no load
WARNING: [Synth 8-7129] Port Tx_Client_TxC_2_Mem_Dout[26] in module tx_emac_if is either unconnected or has no load
WARNING: [Synth 8-7129] Port Tx_Client_TxC_2_Mem_Dout[25] in module tx_emac_if is either unconnected or has no load
WARNING: [Synth 8-7129] Port Tx_Client_TxC_2_Mem_Dout[24] in module tx_emac_if is either unconnected or has no load
WARNING: [Synth 8-7129] Port Tx_Client_TxC_2_Mem_Dout[23] in module tx_emac_if is either unconnected or has no load
WARNING: [Synth 8-7129] Port Tx_Client_TxC_2_Mem_Dout[22] in module tx_emac_if is either unconnected or has no load
WARNING: [Synth 8-7129] Port Tx_Client_TxC_2_Mem_Dout[21] in module tx_emac_if is either unconnected or has no load
WARNING: [Synth 8-7129] Port Tx_Client_TxC_2_Mem_Dout[20] in module tx_emac_if is either unconnected or has no load
WARNING: [Synth 8-7129] Port Tx_Client_TxC_2_Mem_Dout[19] in module tx_emac_if is either unconnected or has no load
WARNING: [Synth 8-7129] Port Tx_Client_TxC_2_Mem_Dout[18] in module tx_emac_if is either unconnected or has no load
WARNING: [Synth 8-7129] Port Tx_Client_TxC_2_Mem_Dout[17] in module tx_emac_if is either unconnected or has no load
WARNING: [Synth 8-7129] Port Tx_Client_TxC_2_Mem_Dout[16] in module tx_emac_if is either unconnected or has no load
WARNING: [Synth 8-7129] Port Tx_Client_TxC_2_Mem_Dout[15] in module tx_emac_if is either unconnected or has no load
WARNING: [Synth 8-7129] Port Tx_Client_TxC_2_Mem_Dout[14] in module tx_emac_if is either unconnected or has no load
WARNING: [Synth 8-7129] Port Tx_Client_TxC_2_Mem_Dout[13] in module tx_emac_if is either unconnected or has no load
WARNING: [Synth 8-7129] Port Tx_Client_TxC_2_Mem_Dout[12] in module tx_emac_if is either unconnected or has no load
WARNING: [Synth 8-7129] Port tx_reset_out in module tx_emac_if is either unconnected or has no load
WARNING: [Synth 8-7129] Port tx_collision in module tx_emac_if is either unconnected or has no load
WARNING: [Synth 8-7129] Port tx_retransmit in module tx_emac_if is either unconnected or has no load
WARNING: [Synth 8-7129] Port sleep in module xpm_memory_base is either unconnected or has no load
WARNING: [Synth 8-7129] Port regcea in module xpm_memory_base is either unconnected or has no load
WARNING: [Synth 8-7129] Port injectsbiterra in module xpm_memory_base is either unconnected or has no load
WARNING: [Synth 8-7129] Port injectdbiterra in module xpm_memory_base is either unconnected or has no load
WARNING: [Synth 8-7129] Port regceb in module xpm_memory_base is either unconnected or has no load
WARNING: [Synth 8-7129] Port injectsbiterrb in module xpm_memory_base is either unconnected or has no load
WARNING: [Synth 8-7129] Port injectdbiterrb in module xpm_memory_base is either unconnected or has no load
WARNING: [Synth 8-7129] Port injectsbiterra in module xpm_memory_base__parameterized2 is either unconnected or has no load
WARNING: [Synth 8-7129] Port injectdbiterra in module xpm_memory_base__parameterized2 is either unconnected or has no load
WARNING: [Synth 8-7129] Port injectsbiterrb in module xpm_memory_base__parameterized2 is either unconnected or has no load
WARNING: [Synth 8-7129] Port injectdbiterrb in module xpm_memory_base__parameterized2 is either unconnected or has no load
WARNING: [Synth 8-7129] Port AXI_STR_TXC_TSTRB[3] in module tx_basic_if is either unconnected or has no load
WARNING: [Synth 8-7129] Port AXI_STR_TXC_TSTRB[2] in module tx_basic_if is either unconnected or has no load
WARNING: [Synth 8-7129] Port AXI_STR_TXC_TSTRB[1] in module tx_basic_if is either unconnected or has no load
WARNING: [Synth 8-7129] Port AXI_STR_TXC_TSTRB[0] in module tx_basic_if is either unconnected or has no load
WARNING: [Synth 8-7129] Port AXI_STR_TXC_TDATA[31] in module tx_basic_if is either unconnected or has no load
WARNING: [Synth 8-7129] Port AXI_STR_TXC_TDATA[30] in module tx_basic_if is either unconnected or has no load
WARNING: [Synth 8-7129] Port AXI_STR_TXC_TDATA[29] in module tx_basic_if is either unconnected or has no load
WARNING: [Synth 8-7129] Port AXI_STR_TXC_TDATA[28] in module tx_basic_if is either unconnected or has no load
WARNING: [Synth 8-7129] Port AXI_STR_TXC_TDATA[27] in module tx_basic_if is either unconnected or has no load
WARNING: [Synth 8-7129] Port AXI_STR_TXC_TDATA[26] in module tx_basic_if is either unconnected or has no load
WARNING: [Synth 8-7129] Port AXI_STR_TXC_TDATA[25] in module tx_basic_if is either unconnected or has no load
WARNING: [Synth 8-7129] Port AXI_STR_TXC_TDATA[24] in module tx_basic_if is either unconnected or has no load
WARNING: [Synth 8-7129] Port AXI_STR_TXC_TDATA[23] in module tx_basic_if is either unconnected or has no load
WARNING: [Synth 8-7129] Port AXI_STR_TXC_TDATA[22] in module tx_basic_if is either unconnected or has no load
WARNING: [Synth 8-7129] Port AXI_STR_TXC_TDATA[21] in module tx_basic_if is either unconnected or has no load
WARNING: [Synth 8-7129] Port AXI_STR_TXC_TDATA[20] in module tx_basic_if is either unconnected or has no load
WARNING: [Synth 8-7129] Port AXI_STR_TXC_TDATA[19] in module tx_basic_if is either unconnected or has no load
WARNING: [Synth 8-7129] Port AXI_STR_TXC_TDATA[18] in module tx_basic_if is either unconnected or has no load
WARNING: [Synth 8-7129] Port AXI_STR_TXC_TDATA[17] in module tx_basic_if is either unconnected or has no load
WARNING: [Synth 8-7129] Port AXI_STR_TXC_TDATA[16] in module tx_basic_if is either unconnected or has no load
WARNING: [Synth 8-7129] Port AXI_STR_TXC_TDATA[15] in module tx_basic_if is either unconnected or has no load
WARNING: [Synth 8-7129] Port AXI_STR_TXC_TDATA[14] in module tx_basic_if is either unconnected or has no load
WARNING: [Synth 8-7129] Port AXI_STR_TXC_TDATA[13] in module tx_basic_if is either unconnected or has no load
WARNING: [Synth 8-7129] Port AXI_STR_TXC_TDATA[12] in module tx_basic_if is either unconnected or has no load
WARNING: [Synth 8-7129] Port AXI_STR_TXC_TDATA[11] in module tx_basic_if is either unconnected or has no load
WARNING: [Synth 8-7129] Port AXI_STR_TXC_TDATA[10] in module tx_basic_if is either unconnected or has no load
WARNING: [Synth 8-7129] Port AXI_STR_TXC_TDATA[9] in module tx_basic_if is either unconnected or has no load
WARNING: [Synth 8-7129] Port AXI_STR_TXC_TDATA[8] in module tx_basic_if is either unconnected or has no load
WARNING: [Synth 8-7129] Port AXI_STR_TXC_TDATA[7] in module tx_basic_if is either unconnected or has no load
WARNING: [Synth 8-7129] Port AXI_STR_TXC_TDATA[6] in module tx_basic_if is either unconnected or has no load
WARNING: [Synth 8-7129] Port AXI_STR_TXC_TDATA[5] in module tx_basic_if is either unconnected or has no load
WARNING: [Synth 8-7129] Port AXI_STR_TXC_TDATA[4] in module tx_basic_if is either unconnected or has no load
WARNING: [Synth 8-7129] Port AXI_STR_TXC_TDATA[3] in module tx_basic_if is either unconnected or has no load
WARNING: [Synth 8-7129] Port AXI_STR_TXC_TDATA[2] in module tx_basic_if is either unconnected or has no load
WARNING: [Synth 8-7129] Port AXI_STR_TXC_TDATA[1] in module tx_basic_if is either unconnected or has no load
WARNING: [Synth 8-7129] Port AXI_STR_TXC_TDATA[0] in module tx_basic_if is either unconnected or has no load
WARNING: [Synth 8-7129] Port Axi_Str_TxD_2_Mem_Dout[35] in module tx_basic_if is either unconnected or has no load
WARNING: [Synth 8-7129] Port Axi_Str_TxD_2_Mem_Dout[34] in module tx_basic_if is either unconnected or has no load
WARNING: [Synth 8-7129] Port Axi_Str_TxD_2_Mem_Dout[33] in module tx_basic_if is either unconnected or has no load
WARNING: [Synth 8-7129] Port Axi_Str_TxD_2_Mem_Dout[32] in module tx_basic_if is either unconnected or has no load
WARNING: [Synth 8-7129] Port Axi_Str_TxD_2_Mem_Dout[31] in module tx_basic_if is either unconnected or has no load
WARNING: [Synth 8-7129] Port Axi_Str_TxD_2_Mem_Dout[30] in module tx_basic_if is either unconnected or has no load
WARNING: [Synth 8-7129] Port Axi_Str_TxD_2_Mem_Dout[29] in module tx_basic_if is either unconnected or has no load
WARNING: [Synth 8-7129] Port Axi_Str_TxD_2_Mem_Dout[28] in module tx_basic_if is either unconnected or has no load
WARNING: [Synth 8-7129] Port Axi_Str_TxD_2_Mem_Dout[27] in module tx_basic_if is either unconnected or has no load
WARNING: [Synth 8-7129] Port Axi_Str_TxD_2_Mem_Dout[26] in module tx_basic_if is either unconnected or has no load
WARNING: [Synth 8-7129] Port Axi_Str_TxD_2_Mem_Dout[25] in module tx_basic_if is either unconnected or has no load
WARNING: [Synth 8-7129] Port Axi_Str_TxD_2_Mem_Dout[24] in module tx_basic_if is either unconnected or has no load
WARNING: [Synth 8-7129] Port Axi_Str_TxD_2_Mem_Dout[23] in module tx_basic_if is either unconnected or has no load
WARNING: [Synth 8-7129] Port Axi_Str_TxD_2_Mem_Dout[22] in module tx_basic_if is either unconnected or has no load
WARNING: [Synth 8-7129] Port Axi_Str_TxD_2_Mem_Dout[21] in module tx_basic_if is either unconnected or has no load
WARNING: [Synth 8-7129] Port Axi_Str_TxD_2_Mem_Dout[20] in module tx_basic_if is either unconnected or has no load
WARNING: [Synth 8-7129] Port Axi_Str_TxD_2_Mem_Dout[19] in module tx_basic_if is either unconnected or has no load
WARNING: [Synth 8-7129] Port Axi_Str_TxD_2_Mem_Dout[18] in module tx_basic_if is either unconnected or has no load
WARNING: [Synth 8-7129] Port Axi_Str_TxD_2_Mem_Dout[17] in module tx_basic_if is either unconnected or has no load
WARNING: [Synth 8-7129] Port Axi_Str_TxD_2_Mem_Dout[16] in module tx_basic_if is either unconnected or has no load
WARNING: [Synth 8-7129] Port Axi_Str_TxD_2_Mem_Dout[15] in module tx_basic_if is either unconnected or has no load
WARNING: [Synth 8-7129] Port Axi_Str_TxD_2_Mem_Dout[14] in module tx_basic_if is either unconnected or has no load
WARNING: [Synth 8-7129] Port Axi_Str_TxD_2_Mem_Dout[13] in module tx_basic_if is either unconnected or has no load
WARNING: [Synth 8-7129] Port Axi_Str_TxD_2_Mem_Dout[12] in module tx_basic_if is either unconnected or has no load
INFO: [Common 17-14] Message 'Synth 8-7129' appears 100 times and further instances of the messages will be disabled. Use the Tcl command set_msg_config to change the current settings.
---------------------------------------------------------------------------------
Finished RTL Elaboration : Time (s): cpu = 00:00:10 ; elapsed = 00:00:12 . Memory (MB): peak = 3453.160 ; gain = 358.707 ; free physical = 426 ; free virtual = 14860
Synthesis current peak Physical Memory [PSS] (MB): peak = 2230.911; parent = 2076.211; children = 155.412
Synthesis current peak Virtual Memory [VSS] (MB): peak = 4444.609; parent = 3453.164; children = 991.445
---------------------------------------------------------------------------------
---------------------------------------------------------------------------------
Start Handling Custom Attributes
---------------------------------------------------------------------------------
---------------------------------------------------------------------------------
Finished Handling Custom Attributes : Time (s): cpu = 00:00:10 ; elapsed = 00:00:12 . Memory (MB): peak = 3470.973 ; gain = 376.520 ; free physical = 371 ; free virtual = 14806
Synthesis current peak Physical Memory [PSS] (MB): peak = 2230.911; parent = 2076.211; children = 155.412
Synthesis current peak Virtual Memory [VSS] (MB): peak = 4462.422; parent = 3470.977; children = 991.445
---------------------------------------------------------------------------------
---------------------------------------------------------------------------------
Finished RTL Optimization Phase 1 : Time (s): cpu = 00:00:10 ; elapsed = 00:00:12 . Memory (MB): peak = 3470.973 ; gain = 376.520 ; free physical = 368 ; free virtual = 14803
Synthesis current peak Physical Memory [PSS] (MB): peak = 2230.911; parent = 2076.211; children = 155.412
Synthesis current peak Virtual Memory [VSS] (MB): peak = 4462.422; parent = 3470.977; children = 991.445
---------------------------------------------------------------------------------
Netlist sorting complete. Time (s): cpu = 00:00:00.07 ; elapsed = 00:00:00.07 . Memory (MB): peak = 3476.910 ; gain = 0.000 ; free physical = 246 ; free virtual = 14684
INFO: [Project 1-570] Preparing netlist for logic optimization

Processing XDC Constraints
Initializing timing engine
Parsing XDC File [/home/denmann99/Documents/kria_eth/hw/kria_state_machine/kria_state_machine.gen/sources_1/bd/kria_eth_top/ip/kria_eth_top_axi_ethernet_0_2/bd_0/ip/ip_0/bd_17e7_eth_buf_0_ooc.xdc] for cell 'U0'
Finished Parsing XDC File [/home/denmann99/Documents/kria_eth/hw/kria_state_machine/kria_state_machine.gen/sources_1/bd/kria_eth_top/ip/kria_eth_top_axi_ethernet_0_2/bd_0/ip/ip_0/bd_17e7_eth_buf_0_ooc.xdc] for cell 'U0'
Parsing XDC File [/home/denmann99/Documents/kria_eth/hw/kria_state_machine/kria_state_machine.gen/sources_1/bd/kria_eth_top/ip/kria_eth_top_axi_ethernet_0_2/bd_0/ip/ip_0/bd_17e7_eth_buf_0_board.xdc] for cell 'U0'
Finished Parsing XDC File [/home/denmann99/Documents/kria_eth/hw/kria_state_machine/kria_state_machine.gen/sources_1/bd/kria_eth_top/ip/kria_eth_top_axi_ethernet_0_2/bd_0/ip/ip_0/bd_17e7_eth_buf_0_board.xdc] for cell 'U0'
Parsing XDC File [/home/denmann99/Documents/kria_eth/hw/kria_state_machine/kria_state_machine.runs/bd_17e7_eth_buf_0_synth_1/dont_touch.xdc]
Finished Parsing XDC File [/home/denmann99/Documents/kria_eth/hw/kria_state_machine/kria_state_machine.runs/bd_17e7_eth_buf_0_synth_1/dont_touch.xdc]
Parsing XDC File [/home/denmann99/Documents/kria_eth/hw/kria_state_machine/kria_state_machine.gen/sources_1/bd/kria_eth_top/ip/kria_eth_top_axi_ethernet_0_2/bd_0/ip/ip_0/synth/bd_17e7_eth_buf_0.xdc] for cell 'U0'
Finished Parsing XDC File [/home/denmann99/Documents/kria_eth/hw/kria_state_machine/kria_state_machine.gen/sources_1/bd/kria_eth_top/ip/kria_eth_top_axi_ethernet_0_2/bd_0/ip/ip_0/synth/bd_17e7_eth_buf_0.xdc] for cell 'U0'
INFO: [Project 1-236] Implementation specific constraints were found while reading constraint file [/home/denmann99/Documents/kria_eth/hw/kria_state_machine/kria_state_machine.gen/sources_1/bd/kria_eth_top/ip/kria_eth_top_axi_ethernet_0_2/bd_0/ip/ip_0/synth/bd_17e7_eth_buf_0.xdc]. These constraints will be ignored for synthesis but will be used in implementation. Impacted constraints are listed in the file [.Xil/bd_17e7_eth_buf_0_propImpl.xdc].
Resolution: To avoid this warning, move constraints listed in [.Xil/bd_17e7_eth_buf_0_propImpl.xdc] to another XDC file and exclude this new file from synthesis with the used_in_synthesis property (File Properties dialog in GUI) and re-run elaboration/synthesis.
INFO: [Project 1-236] Implementation specific constraints were found while reading constraint file [/tools/Xilinx/Vivado/2022.2/data/ip/xpm/xpm_fifo/tcl/xpm_fifo_rst.tcl]. These constraints will be ignored for synthesis but will be used in implementation. Impacted constraints are listed in the file [.Xil/bd_17e7_eth_buf_0_propImpl.xdc].
Resolution: To avoid this warning, move constraints listed in [.Xil/bd_17e7_eth_buf_0_propImpl.xdc] to another XDC file and exclude this new file from synthesis with the used_in_synthesis property (File Properties dialog in GUI) and re-run elaboration/synthesis.
INFO: [Project 1-236] Implementation specific constraints were found while reading constraint file [/tools/Xilinx/Vivado/2022.2/data/ip/xpm/xpm_memory/tcl/xpm_memory_xdc.tcl]. These constraints will be ignored for synthesis but will be used in implementation. Impacted constraints are listed in the file [.Xil/bd_17e7_eth_buf_0_propImpl.xdc].
Resolution: To avoid this warning, move constraints listed in [.Xil/bd_17e7_eth_buf_0_propImpl.xdc] to another XDC file and exclude this new file from synthesis with the used_in_synthesis property (File Properties dialog in GUI) and re-run elaboration/synthesis.
INFO: [Project 1-1714] 5 XPM XDC files have been applied to the design.
Completed Processing XDC Constraints

Netlist sorting complete. Time (s): cpu = 00:00:00 ; elapsed = 00:00:00 . Memory (MB): peak = 3635.723 ; gain = 0.000 ; free physical = 553 ; free virtual = 14892
INFO: [Project 1-111] Unisim Transformation Summary:
No Unisim elements were transformed.

Constraint Validation Runtime : Time (s): cpu = 00:00:00.05 ; elapsed = 00:00:00.05 . Memory (MB): peak = 3635.723 ; gain = 0.000 ; free physical = 539 ; free virtual = 14879
INFO: [Designutils 20-5008] Incremental synthesis strategy off
INFO: [Synth 8-11241] undeclared symbol 'REGCCE', assumed default net type 'wire' [/tools/Xilinx/Vivado/2022.2/data/verilog/src/unimacro/BRAM_SINGLE_MACRO.v:2170]
---------------------------------------------------------------------------------
Finished Constraint Validation : Time (s): cpu = 00:00:22 ; elapsed = 00:00:24 . Memory (MB): peak = 3635.723 ; gain = 541.270 ; free physical = 227 ; free virtual = 14668
Synthesis current peak Physical Memory [PSS] (MB): peak = 2230.911; parent = 2076.211; children = 155.412
Synthesis current peak Virtual Memory [VSS] (MB): peak = 4595.156; parent = 3603.711; children = 991.445
---------------------------------------------------------------------------------
---------------------------------------------------------------------------------
Start Loading Part and Timing Information
---------------------------------------------------------------------------------
Loading part: xck26-sfvc784-2LV-c
INFO: [Synth 8-6742] Reading net delay rules and data
---------------------------------------------------------------------------------
Finished Loading Part and Timing Information : Time (s): cpu = 00:00:22 ; elapsed = 00:00:24 . Memory (MB): peak = 3635.723 ; gain = 541.270 ; free physical = 219 ; free virtual = 14661
Synthesis current peak Physical Memory [PSS] (MB): peak = 2230.911; parent = 2076.211; children = 155.412
Synthesis current peak Virtual Memory [VSS] (MB): peak = 4595.156; parent = 3603.711; children = 991.445
---------------------------------------------------------------------------------
---------------------------------------------------------------------------------
Start Applying 'set_property' XDC Constraints
---------------------------------------------------------------------------------
Applied set_property KEEP_HIERARCHY = SOFT for U0. (constraint file  /home/denmann99/Documents/kria_eth/hw/kria_state_machine/kria_state_machine.runs/bd_17e7_eth_buf_0_synth_1/dont_touch.xdc, line 6).
Applied set_property KEEP_HIERARCHY = SOFT for U0/RCV_INTFCE_I/RX_AXISTREAM_IF_I/ELASTIC_FIFO/I_BASIC_SFIFO. (constraint file  auto generated constraint).
Applied set_property KEEP_HIERARCHY = SOFT for U0/RCV_INTFCE_I/RX_DP_MEM_IF_I/I_RXD_MEM. (constraint file  auto generated constraint).
Applied set_property KEEP_HIERARCHY = SOFT for U0/TX_INTFCE_I/TX_MEM_INTERFACE/TXC_MEM. (constraint file  auto generated constraint).
Applied set_property KEEP_HIERARCHY = SOFT for U0/RCV_INTFCE_I/RX_DP_MEM_IF_I/I_RXS_MEM. (constraint file  auto generated constraint).
Applied set_property KEEP_HIERARCHY = SOFT for U0/TX_INTFCE_I/TX_MEM_INTERFACE/TXD_MEM. (constraint file  auto generated constraint).
---------------------------------------------------------------------------------
Finished applying 'set_property' XDC Constraints : Time (s): cpu = 00:00:22 ; elapsed = 00:00:25 . Memory (MB): peak = 3635.723 ; gain = 541.270 ; free physical = 201 ; free virtual = 14644
Synthesis current peak Physical Memory [PSS] (MB): peak = 2230.911; parent = 2076.211; children = 155.412
Synthesis current peak Virtual Memory [VSS] (MB): peak = 4595.156; parent = 3603.711; children = 991.445
---------------------------------------------------------------------------------
INFO: [Synth 8-802] inferred FSM for state register 'state_reg' in module 'slave_attachment'
INFO: [Synth 8-802] inferred FSM for state register 'receive_frame_current_state_reg' in module 'rx_emac_if'
INFO: [Synth 8-802] inferred FSM for state register 'receive_frame_data_current_state_reg' in module 'rx_emac_if'
INFO: [Synth 8-802] inferred FSM for state register 'gen_fwft.curr_fwft_state_reg' in module 'xpm_fifo_base'
INFO: [Synth 8-802] inferred FSM for state register 'rxs_axistream_current_state_reg' in module 'rx_axistream_if'
INFO: [Synth 8-802] inferred FSM for state register 'rxd_axistream_current_state_reg' in module 'rx_axistream_if'
INFO: [Synth 8-802] inferred FSM for state register 'txc_wr_cs_reg' in module 'tx_basic_if'
INFO: [Synth 8-802] inferred FSM for state register 'txd_wr_cs_reg' in module 'tx_basic_if'
INFO: [Synth 8-802] inferred FSM for state register 'txc_rd_cs_reg' in module 'tx_emac_if'
INFO: [Synth 8-802] inferred FSM for state register 'txd_rd_cs_reg' in module 'tx_emac_if'
---------------------------------------------------------------------------------------------------
                   State |                     New Encoding |                Previous Encoding 
---------------------------------------------------------------------------------------------------
                 iSTATE2 |                             0001 |                               00
                  iSTATE |                             0010 |                               01
                 iSTATE0 |                             0100 |                               10
                 iSTATE1 |                             1000 |                               11
---------------------------------------------------------------------------------------------------
INFO: [Synth 8-3354] encoded FSM with state register 'state_reg' using encoding 'one-hot' in module 'slave_attachment'
INFO: [Synth 8-7030] Implemented Non-Cascaded Block Ram (cascade_height = 1) of width 36 for RAM "xpm_memory_base:/gen_wr_b.gen_word_narrow.mem_reg"
INFO: [Synth 8-3971] The signal "xpm_memory_base:/gen_wr_b.gen_word_narrow.mem_reg" was recognized as a true dual port RAM template.
INFO: [Synth 8-7030] Implemented Non-Cascaded Block Ram (cascade_height = 1) of width 36 for RAM "xpm_memory_base__parameterized0:/gen_wr_b.gen_word_narrow.mem_reg"
INFO: [Synth 8-3971] The signal "xpm_memory_base__parameterized0:/gen_wr_b.gen_word_narrow.mem_reg" was recognized as a true dual port RAM template.
---------------------------------------------------------------------------------------------------
                   State |                     New Encoding |                Previous Encoding 
---------------------------------------------------------------------------------------------------
    reset_init_mem_ptr_1 |                             0000 |                             0000
    reset_init_mem_ptr_2 |                             0001 |                             0001
    reset_init_mem_ptr_3 |                             0010 |                             0010
    reset_init_mem_ptr_4 |                             0011 |                             0011
                    idle |                             0100 |                             0100
update_status_fifo_word_1 |                             0101 |                             0110
update_status_fifo_word_2 |                             0110 |                             0111
update_status_fifo_word_3 |                             0111 |                             1000
update_status_fifo_word_4 |                             1000 |                             1001
update_status_fifo_word_5 |                             1001 |                             1010
update_status_fifo_word_6 |                             1010 |                             1011
        update_mem_ptr_1 |                             1011 |                             0101
        update_mem_ptr_2 |                             1100 |                             1100
---------------------------------------------------------------------------------------------------
INFO: [Synth 8-3354] encoded FSM with state register 'receive_frame_current_state_reg' using encoding 'sequential' in module 'rx_emac_if'
---------------------------------------------------------------------------------------------------
                   State |                     New Encoding |                Previous Encoding 
---------------------------------------------------------------------------------------------------
                   reset |                               00 |                               00
 wait_for_start_of_frame |                               01 |                               01
         receiving_frame |                               10 |                               10
end_of_frame_check_good_bad |                               11 |                               11
---------------------------------------------------------------------------------------------------
INFO: [Synth 8-3354] encoded FSM with state register 'receive_frame_data_current_state_reg' using encoding 'sequential' in module 'rx_emac_if'
---------------------------------------------------------------------------------------------------
                   State |                     New Encoding |                Previous Encoding 
---------------------------------------------------------------------------------------------------
                 invalid |                               00 |                               00
            stage1_valid |                               01 |                               10
       both_stages_valid |                               10 |                               11
            stage2_valid |                               11 |                               01
---------------------------------------------------------------------------------------------------
INFO: [Synth 8-3354] encoded FSM with state register 'gen_fwft.curr_fwft_state_reg' using encoding 'sequential' in module 'xpm_fifo_base'
---------------------------------------------------------------------------------------------------
                   State |                     New Encoding |                Previous Encoding 
---------------------------------------------------------------------------------------------------
            reset_init_1 |                            01010 |                            00000
            reset_init_2 |                            10001 |                            00001
read_rxd_mem_next_available4write_ptr_1 |                            01001 |                            00010
read_rxd_mem_next_available4write_ptr_2 |                            00111 |                            00011
      addr_setup_pause_1 |                            01000 |                            00100
read_rxs_mem_next_available4write_ptr_1 |                            10111 |                            00111
read_rxs_mem_next_available4write_ptr_2 |                            11000 |                            01000
      addr_setup_pause_2 |                            11010 |                            00110
read_rxs_mem_last_read_out_ptr |                            10101 |                            01010
      addr_setup_pause_3 |                            10110 |                            01001
read_rxd_mem_last_read_out_ptr |                            11011 |                            00101
 pause_read_status_word1 |                            10011 |                            01011
       read_status_word1 |                            00011 |                            01100
       read_status_word2 |                            00010 |                            01101
       read_status_word3 |                            00000 |                            01110
       read_status_word4 |                            00001 |                            01111
       read_status_word5 |                            01101 |                            10000
       read_status_word6 |                            01011 |                            10001
update_rxs_mem_last_read_out_ptr |                            00110 |                            10010
       send_status_word1 |                            00100 |                            10011
       send_status_word2 |                            00101 |                            10100
       send_status_word3 |                            11001 |                            10101
       send_status_word4 |                            10010 |                            10110
       send_status_word5 |                            01111 |                            10111
       send_status_word6 |                            10000 |                            11000
         wait_frame_done |                            10100 |                            11001
update_rxd_mem_last_read_out_ptr |                            01110 |                            11010
            repeat_again |                            01100 |                            11011
---------------------------------------------------------------------------------------------------
INFO: [Synth 8-3354] encoded FSM with state register 'rxs_axistream_current_state_reg' using encoding 'sequential' in module 'rx_axistream_if'
---------------------------------------------------------------------------------------------------
                   State |                     New Encoding |                Previous Encoding 
---------------------------------------------------------------------------------------------------
                    idle |                      00000100000 |                             0000
                   prime |                      00010000000 |                             0001
        write_first_word |                      00000010000 |                             0010
         load_first_word |                      00000000001 |                             0011
       rd_frame_from_mem |                      00000000010 |                             0100
          wait_end_frame |                      00000000100 |                             1001
                pre_idle |                      00001000000 |                             1010
       almost_full_wait1 |                      00000001000 |                             0101
       almost_full_wait2 |                      10000000000 |                             0110
       almost_full_wait3 |                      00100000000 |                             0111
       almost_full_wait4 |                      01000000000 |                             1000
---------------------------------------------------------------------------------------------------
INFO: [Synth 8-3354] encoded FSM with state register 'rxd_axistream_current_state_reg' using encoding 'one-hot' in module 'rx_axistream_if'
---------------------------------------------------------------------------------------------------
                   State |                     New Encoding |                Previous Encoding 
---------------------------------------------------------------------------------------------------
                    idle |                         00000001 |                              000
                 txd_prm |                         00000010 |                              001
                 txd_wrt |                         00000100 |                              010
                mem_full |                         00001000 |                              011
                wait_wr1 |                         00010000 |                              101
                wait_wr2 |                         00100000 |                              110
                clr_full |                         01000000 |                              100
      wait_compare_cmplt |                         10000000 |                              111
---------------------------------------------------------------------------------------------------
INFO: [Synth 8-3354] encoded FSM with state register 'txd_wr_cs_reg' using encoding 'one-hot' in module 'tx_basic_if'
---------------------------------------------------------------------------------------------------
                   State |                     New Encoding |                Previous Encoding 
---------------------------------------------------------------------------------------------------
            txc_addr2_wr |                  000000000000001 |                             0000
            txc_addr0_wr |                  000000000000010 |                             0001
           wait_wr_cmplt |                  000000000000100 |                             0010
                 txc_wd0 |                  000000000001000 |                             0011
                 txc_wd1 |                  000000000010000 |                             0100
                 txc_wd2 |                  000000000100000 |                             0110
                 txc_wd3 |                  000000001000000 |                             0111
                 txc_wd4 |                  000000010000000 |                             1000
                 txc_wd5 |                  000000100000000 |                             1010
wait_addr0_compare_cmplt |                  000001000000000 |                             1001
          wait_txd_cmplt |                  000010000000000 |                             1011
         wr_txd_end_pntr |                  000100000000000 |                             1110
             wr_txc_pntr |                  001000000000000 |                             1101
            wait_txd_mem |                  010000000000000 |                             1100
wait_addr2_compare_cmplt |                  100000000000000 |                             0101
---------------------------------------------------------------------------------------------------
INFO: [Synth 8-3354] encoded FSM with state register 'txc_wr_cs_reg' using encoding 'one-hot' in module 'tx_basic_if'
---------------------------------------------------------------------------------------------------
                   State |                     New Encoding |                Previous Encoding 
---------------------------------------------------------------------------------------------------
         get_txc_wr_pntr |                              000 |                              000
            get_end_pntr |                              001 |                              001
          set_txcrd_pntr |                              010 |                              010
          get_txdwr_pntr |                              011 |                              011
          set_txdrd_pntr |                              100 |                              100
           wait_txd_done |                              101 |                              101
               get_addr3 |                              110 |                              110
         wait_addr3_pntr |                              111 |                              111
---------------------------------------------------------------------------------------------------
INFO: [Synth 8-3354] encoded FSM with state register 'txc_rd_cs_reg' using encoding 'sequential' in module 'tx_emac_if'
---------------------------------------------------------------------------------------------------
                   State |                     New Encoding |                Previous Encoding 
---------------------------------------------------------------------------------------------------
                    idle |                        000000001 |                            00000
                  get_b1 |                        000000010 |                            01001
                  get_b2 |                        000000100 |                            01010
                  get_b3 |                        000001000 |                            01011
                  get_b4 |                        000010000 |                            01100
              wait_trdy2 |                        000100000 |                            01101
              wait_trdy3 |                        001000000 |                            01110
              check_done |                        010000000 |                            10000
               wait_last |                        100000000 |                            10001
---------------------------------------------------------------------------------------------------
INFO: [Synth 8-3354] encoded FSM with state register 'txd_rd_cs_reg' using encoding 'one-hot' in module 'tx_emac_if'
---------------------------------------------------------------------------------
Finished RTL Optimization Phase 2 : Time (s): cpu = 00:00:24 ; elapsed = 00:00:28 . Memory (MB): peak = 3635.723 ; gain = 541.270 ; free physical = 163 ; free virtual = 14026
Synthesis current peak Physical Memory [PSS] (MB): peak = 2230.911; parent = 2076.211; children = 155.412
Synthesis current peak Virtual Memory [VSS] (MB): peak = 4595.156; parent = 3603.711; children = 991.445
---------------------------------------------------------------------------------
---------------------------------------------------------------------------------
Start RTL Component Statistics 
---------------------------------------------------------------------------------
Detailed RTL Component Info : 
+---Adders : 
	   2 Input   31 Bit       Adders := 1     
	   2 Input   19 Bit       Adders := 1     
	   2 Input   16 Bit       Adders := 2     
	   2 Input   15 Bit       Adders := 2     
	   2 Input   12 Bit       Adders := 3     
	   2 Input   10 Bit       Adders := 11    
	   2 Input    9 Bit       Adders := 9     
	   2 Input    8 Bit       Adders := 1     
	   2 Input    7 Bit       Adders := 1     
	   4 Input    6 Bit       Adders := 4     
	   2 Input    6 Bit       Adders := 1     
	   4 Input    5 Bit       Adders := 3     
	   3 Input    5 Bit       Adders := 1     
	   2 Input    2 Bit       Adders := 1     
	   4 Input    2 Bit       Adders := 1     
+---XORs : 
	   2 Input      1 Bit         XORs := 122   
+---Registers : 
	               60 Bit    Registers := 1     
	               42 Bit    Registers := 2     
	               36 Bit    Registers := 25    
	               32 Bit    Registers := 20    
	               31 Bit    Registers := 1     
	               28 Bit    Registers := 1     
	               26 Bit    Registers := 1     
	               19 Bit    Registers := 1     
	               18 Bit    Registers := 2     
	               16 Bit    Registers := 11    
	               15 Bit    Registers := 4     
	               12 Bit    Registers := 3     
	               11 Bit    Registers := 1     
	               10 Bit    Registers := 28    
	                9 Bit    Registers := 13    
	                8 Bit    Registers := 8     
	                7 Bit    Registers := 1     
	                6 Bit    Registers := 5     
	                5 Bit    Registers := 4     
	                4 Bit    Registers := 6     
	                3 Bit    Registers := 1     
	                2 Bit    Registers := 8     
	                1 Bit    Registers := 393   
+---RAMs : 
	              36K Bit	(1024 X 36 bit)          RAMs := 2     
	              18K Bit	(512 X 36 bit)          RAMs := 1     
+---Muxes : 
	   6 Input   42 Bit        Muxes := 1     
	   2 Input   42 Bit        Muxes := 5     
	  11 Input   36 Bit        Muxes := 1     
	   4 Input   36 Bit        Muxes := 1     
	  28 Input   36 Bit        Muxes := 1     
	   3 Input   36 Bit        Muxes := 1     
	   2 Input   36 Bit        Muxes := 1     
	   2 Input   32 Bit        Muxes := 5     
	   6 Input   32 Bit        Muxes := 1     
	  28 Input   32 Bit        Muxes := 1     
	   2 Input   31 Bit        Muxes := 1     
	   4 Input   24 Bit        Muxes := 1     
	   2 Input   19 Bit        Muxes := 1     
	   2 Input   18 Bit        Muxes := 1     
	   2 Input   16 Bit        Muxes := 2     
	   4 Input   16 Bit        Muxes := 1     
	   2 Input   15 Bit        Muxes := 13    
	   4 Input   15 Bit        Muxes := 1     
	  15 Input   15 Bit        Muxes := 1     
	   2 Input   14 Bit        Muxes := 1     
	   2 Input   12 Bit        Muxes := 1     
	   2 Input   11 Bit        Muxes := 10    
	  14 Input   11 Bit        Muxes := 1     
	  11 Input   11 Bit        Muxes := 1     
	   2 Input   10 Bit        Muxes := 13    
	  14 Input   10 Bit        Muxes := 1     
	   6 Input   10 Bit        Muxes := 3     
	   4 Input   10 Bit        Muxes := 2     
	  28 Input   10 Bit        Muxes := 1     
	   3 Input   10 Bit        Muxes := 3     
	   5 Input    9 Bit        Muxes := 2     
	   2 Input    9 Bit        Muxes := 17    
	  13 Input    9 Bit        Muxes := 1     
	  28 Input    9 Bit        Muxes := 3     
	   9 Input    9 Bit        Muxes := 1     
	  29 Input    8 Bit        Muxes := 1     
	   2 Input    8 Bit        Muxes := 1     
	  28 Input    5 Bit        Muxes := 1     
	   2 Input    5 Bit        Muxes := 14    
	   4 Input    4 Bit        Muxes := 3     
	   2 Input    4 Bit        Muxes := 12    
	   6 Input    4 Bit        Muxes := 1     
	  13 Input    4 Bit        Muxes := 1     
	   8 Input    4 Bit        Muxes := 1     
	   2 Input    3 Bit        Muxes := 7     
	   4 Input    3 Bit        Muxes := 1     
	   8 Input    3 Bit        Muxes := 1     
	   2 Input    2 Bit        Muxes := 46    
	   3 Input    2 Bit        Muxes := 1     
	   4 Input    2 Bit        Muxes := 10    
	   2 Input    1 Bit        Muxes := 125   
	   3 Input    1 Bit        Muxes := 2     
	   4 Input    1 Bit        Muxes := 10    
	  14 Input    1 Bit        Muxes := 1     
	  13 Input    1 Bit        Muxes := 2     
	  11 Input    1 Bit        Muxes := 1     
	  28 Input    1 Bit        Muxes := 9     
	   8 Input    1 Bit        Muxes := 18    
	  15 Input    1 Bit        Muxes := 11    
	   9 Input    1 Bit        Muxes := 6     
	   6 Input    1 Bit        Muxes := 2     
---------------------------------------------------------------------------------
Finished RTL Component Statistics 
---------------------------------------------------------------------------------
---------------------------------------------------------------------------------
Start Part Resource Summary
---------------------------------------------------------------------------------
Part Resources:
DSPs: 1248 (col length:96)
BRAMs: 288 (col length: RAMB18 96 RAMB36 48)
---------------------------------------------------------------------------------
Finished Part Resource Summary
---------------------------------------------------------------------------------
---------------------------------------------------------------------------------
Start Cross Boundary and Area Optimization
---------------------------------------------------------------------------------
WARNING: [Synth 8-7080] Parallel synthesis criteria is not met
INFO: [Synth 8-7030] Implemented Non-Cascaded Block Ram (cascade_height = 1) of width 36 for RAM "xpm_memory_tdpram:/xpm_memory_base_inst/gen_wr_a.gen_word_narrow.mem_reg"
INFO: [Synth 8-3971] The signal "xpm_memory_tdpram:/xpm_memory_base_inst/gen_wr_a.gen_word_narrow.mem_reg" was recognized as a true dual port RAM template.
INFO: [Synth 8-7030] Implemented Non-Cascaded Block Ram (cascade_height = 1) of width 36 for RAM "U0/RCV_INTFCE_I/\RX_DP_MEM_IF_I/I_RXS_MEM /xpm_memory_base_inst/gen_wr_a.gen_word_narrow.mem_reg"
INFO: [Synth 8-3971] The signal "U0/RCV_INTFCE_I/\RX_DP_MEM_IF_I/I_RXS_MEM /xpm_memory_base_inst/gen_wr_a.gen_word_narrow.mem_reg" was recognized as a true dual port RAM template.
INFO: [Synth 8-7030] Implemented Non-Cascaded Block Ram (cascade_height = 1) of width 9 for RAM gen_blk_box.gen_bb_async.xpm_memory_base_inst
WARNING: [Synth 8-3332] Sequential element (NO_INCLUDE_RX_VLAN.RX_EMAC_IF_I/SYNC_RXS_LAST_READ_GRAY_PROCESS[34].SYNC_RXS_LAST_READ_GRAY/data_sync0_i) is unused and will be removed from module rx_if.
WARNING: [Synth 8-3332] Sequential element (NO_INCLUDE_RX_VLAN.RX_EMAC_IF_I/SYNC_RXS_LAST_READ_GRAY_PROCESS[34].SYNC_RXS_LAST_READ_GRAY/data_sync1_i) is unused and will be removed from module rx_if.
WARNING: [Synth 8-3332] Sequential element (NO_INCLUDE_RX_VLAN.RX_EMAC_IF_I/SYNC_RXS_LAST_READ_GRAY_PROCESS[34].SYNC_RXS_LAST_READ_GRAY/data_sync2_i) is unused and will be removed from module rx_if.
WARNING: [Synth 8-3332] Sequential element (NO_INCLUDE_RX_VLAN.RX_EMAC_IF_I/SYNC_RXS_LAST_READ_GRAY_PROCESS[34].SYNC_RXS_LAST_READ_GRAY/data_sync3_i) is unused and will be removed from module rx_if.
WARNING: [Synth 8-3332] Sequential element (NO_INCLUDE_RX_VLAN.RX_EMAC_IF_I/SYNC_RXS_LAST_READ_GRAY_PROCESS[34].SYNC_RXS_LAST_READ_GRAY/data_sync4_i) is unused and will be removed from module rx_if.
WARNING: [Synth 8-3332] Sequential element (NO_INCLUDE_RX_VLAN.RX_EMAC_IF_I/SYNC_RXS_LAST_READ_GRAY_PROCESS[34].SYNC_RXS_LAST_READ_GRAY/data_sync5_i) is unused and will be removed from module rx_if.
WARNING: [Synth 8-3332] Sequential element (NO_INCLUDE_RX_VLAN.RX_EMAC_IF_I/SYNC_RXS_LAST_READ_GRAY_PROCESS[34].SYNC_RXS_LAST_READ_GRAY/data_sync6_i) is unused and will be removed from module rx_if.
WARNING: [Synth 8-3332] Sequential element (NO_INCLUDE_RX_VLAN.RX_EMAC_IF_I/SYNC_RXS_LAST_READ_GRAY_PROCESS[34].SYNC_RXS_LAST_READ_GRAY/data_sync7_i) is unused and will be removed from module rx_if.
WARNING: [Synth 8-3332] Sequential element (NO_INCLUDE_RX_VLAN.RX_EMAC_IF_I/SYNC_RXS_LAST_READ_GRAY_PROCESS[33].SYNC_RXS_LAST_READ_GRAY/data_sync0_i) is unused and will be removed from module rx_if.
WARNING: [Synth 8-3332] Sequential element (NO_INCLUDE_RX_VLAN.RX_EMAC_IF_I/SYNC_RXS_LAST_READ_GRAY_PROCESS[33].SYNC_RXS_LAST_READ_GRAY/data_sync1_i) is unused and will be removed from module rx_if.
WARNING: [Synth 8-3332] Sequential element (NO_INCLUDE_RX_VLAN.RX_EMAC_IF_I/SYNC_RXS_LAST_READ_GRAY_PROCESS[33].SYNC_RXS_LAST_READ_GRAY/data_sync2_i) is unused and will be removed from module rx_if.
WARNING: [Synth 8-3332] Sequential element (NO_INCLUDE_RX_VLAN.RX_EMAC_IF_I/SYNC_RXS_LAST_READ_GRAY_PROCESS[33].SYNC_RXS_LAST_READ_GRAY/data_sync3_i) is unused and will be removed from module rx_if.
WARNING: [Synth 8-3332] Sequential element (NO_INCLUDE_RX_VLAN.RX_EMAC_IF_I/SYNC_RXS_LAST_READ_GRAY_PROCESS[33].SYNC_RXS_LAST_READ_GRAY/data_sync4_i) is unused and will be removed from module rx_if.
WARNING: [Synth 8-3332] Sequential element (NO_INCLUDE_RX_VLAN.RX_EMAC_IF_I/SYNC_RXS_LAST_READ_GRAY_PROCESS[33].SYNC_RXS_LAST_READ_GRAY/data_sync5_i) is unused and will be removed from module rx_if.
WARNING: [Synth 8-3332] Sequential element (NO_INCLUDE_RX_VLAN.RX_EMAC_IF_I/SYNC_RXS_LAST_READ_GRAY_PROCESS[33].SYNC_RXS_LAST_READ_GRAY/data_sync6_i) is unused and will be removed from module rx_if.
WARNING: [Synth 8-3332] Sequential element (NO_INCLUDE_RX_VLAN.RX_EMAC_IF_I/SYNC_RXS_LAST_READ_GRAY_PROCESS[33].SYNC_RXS_LAST_READ_GRAY/data_sync7_i) is unused and will be removed from module rx_if.
WARNING: [Synth 8-3332] Sequential element (NO_INCLUDE_RX_VLAN.RX_EMAC_IF_I/SYNC_RXS_LAST_READ_GRAY_PROCESS[32].SYNC_RXS_LAST_READ_GRAY/data_sync0_i) is unused and will be removed from module rx_if.
WARNING: [Synth 8-3332] Sequential element (NO_INCLUDE_RX_VLAN.RX_EMAC_IF_I/SYNC_RXS_LAST_READ_GRAY_PROCESS[32].SYNC_RXS_LAST_READ_GRAY/data_sync1_i) is unused and will be removed from module rx_if.
WARNING: [Synth 8-3332] Sequential element (NO_INCLUDE_RX_VLAN.RX_EMAC_IF_I/SYNC_RXS_LAST_READ_GRAY_PROCESS[32].SYNC_RXS_LAST_READ_GRAY/data_sync2_i) is unused and will be removed from module rx_if.
WARNING: [Synth 8-3332] Sequential element (NO_INCLUDE_RX_VLAN.RX_EMAC_IF_I/SYNC_RXS_LAST_READ_GRAY_PROCESS[32].SYNC_RXS_LAST_READ_GRAY/data_sync3_i) is unused and will be removed from module rx_if.
WARNING: [Synth 8-3332] Sequential element (NO_INCLUDE_RX_VLAN.RX_EMAC_IF_I/SYNC_RXS_LAST_READ_GRAY_PROCESS[32].SYNC_RXS_LAST_READ_GRAY/data_sync4_i) is unused and will be removed from module rx_if.
WARNING: [Synth 8-3332] Sequential element (NO_INCLUDE_RX_VLAN.RX_EMAC_IF_I/SYNC_RXS_LAST_READ_GRAY_PROCESS[32].SYNC_RXS_LAST_READ_GRAY/data_sync5_i) is unused and will be removed from module rx_if.
WARNING: [Synth 8-3332] Sequential element (NO_INCLUDE_RX_VLAN.RX_EMAC_IF_I/SYNC_RXS_LAST_READ_GRAY_PROCESS[32].SYNC_RXS_LAST_READ_GRAY/data_sync6_i) is unused and will be removed from module rx_if.
WARNING: [Synth 8-3332] Sequential element (NO_INCLUDE_RX_VLAN.RX_EMAC_IF_I/SYNC_RXS_LAST_READ_GRAY_PROCESS[32].SYNC_RXS_LAST_READ_GRAY/data_sync7_i) is unused and will be removed from module rx_if.
WARNING: [Synth 8-3332] Sequential element (NO_INCLUDE_RX_VLAN.RX_EMAC_IF_I/SYNC_RXS_LAST_READ_GRAY_PROCESS[31].SYNC_RXS_LAST_READ_GRAY/data_sync0_i) is unused and will be removed from module rx_if.
WARNING: [Synth 8-3332] Sequential element (NO_INCLUDE_RX_VLAN.RX_EMAC_IF_I/SYNC_RXS_LAST_READ_GRAY_PROCESS[31].SYNC_RXS_LAST_READ_GRAY/data_sync1_i) is unused and will be removed from module rx_if.
WARNING: [Synth 8-3332] Sequential element (NO_INCLUDE_RX_VLAN.RX_EMAC_IF_I/SYNC_RXS_LAST_READ_GRAY_PROCESS[31].SYNC_RXS_LAST_READ_GRAY/data_sync2_i) is unused and will be removed from module rx_if.
WARNING: [Synth 8-3332] Sequential element (NO_INCLUDE_RX_VLAN.RX_EMAC_IF_I/SYNC_RXS_LAST_READ_GRAY_PROCESS[31].SYNC_RXS_LAST_READ_GRAY/data_sync3_i) is unused and will be removed from module rx_if.
WARNING: [Synth 8-3332] Sequential element (NO_INCLUDE_RX_VLAN.RX_EMAC_IF_I/SYNC_RXS_LAST_READ_GRAY_PROCESS[31].SYNC_RXS_LAST_READ_GRAY/data_sync4_i) is unused and will be removed from module rx_if.
WARNING: [Synth 8-3332] Sequential element (NO_INCLUDE_RX_VLAN.RX_EMAC_IF_I/SYNC_RXS_LAST_READ_GRAY_PROCESS[31].SYNC_RXS_LAST_READ_GRAY/data_sync5_i) is unused and will be removed from module rx_if.
WARNING: [Synth 8-3332] Sequential element (NO_INCLUDE_RX_VLAN.RX_EMAC_IF_I/SYNC_RXS_LAST_READ_GRAY_PROCESS[31].SYNC_RXS_LAST_READ_GRAY/data_sync6_i) is unused and will be removed from module rx_if.
WARNING: [Synth 8-3332] Sequential element (NO_INCLUDE_RX_VLAN.RX_EMAC_IF_I/SYNC_RXS_LAST_READ_GRAY_PROCESS[31].SYNC_RXS_LAST_READ_GRAY/data_sync7_i) is unused and will be removed from module rx_if.
WARNING: [Synth 8-3332] Sequential element (NO_INCLUDE_RX_VLAN.RX_EMAC_IF_I/SYNC_RXS_LAST_READ_GRAY_PROCESS[30].SYNC_RXS_LAST_READ_GRAY/data_sync0_i) is unused and will be removed from module rx_if.
WARNING: [Synth 8-3332] Sequential element (NO_INCLUDE_RX_VLAN.RX_EMAC_IF_I/SYNC_RXS_LAST_READ_GRAY_PROCESS[30].SYNC_RXS_LAST_READ_GRAY/data_sync1_i) is unused and will be removed from module rx_if.
WARNING: [Synth 8-3332] Sequential element (NO_INCLUDE_RX_VLAN.RX_EMAC_IF_I/SYNC_RXS_LAST_READ_GRAY_PROCESS[30].SYNC_RXS_LAST_READ_GRAY/data_sync2_i) is unused and will be removed from module rx_if.
WARNING: [Synth 8-3332] Sequential element (NO_INCLUDE_RX_VLAN.RX_EMAC_IF_I/SYNC_RXS_LAST_READ_GRAY_PROCESS[30].SYNC_RXS_LAST_READ_GRAY/data_sync3_i) is unused and will be removed from module rx_if.
WARNING: [Synth 8-3332] Sequential element (NO_INCLUDE_RX_VLAN.RX_EMAC_IF_I/SYNC_RXS_LAST_READ_GRAY_PROCESS[30].SYNC_RXS_LAST_READ_GRAY/data_sync4_i) is unused and will be removed from module rx_if.
WARNING: [Synth 8-3332] Sequential element (NO_INCLUDE_RX_VLAN.RX_EMAC_IF_I/SYNC_RXS_LAST_READ_GRAY_PROCESS[30].SYNC_RXS_LAST_READ_GRAY/data_sync5_i) is unused and will be removed from module rx_if.
WARNING: [Synth 8-3332] Sequential element (NO_INCLUDE_RX_VLAN.RX_EMAC_IF_I/SYNC_RXS_LAST_READ_GRAY_PROCESS[30].SYNC_RXS_LAST_READ_GRAY/data_sync6_i) is unused and will be removed from module rx_if.
WARNING: [Synth 8-3332] Sequential element (NO_INCLUDE_RX_VLAN.RX_EMAC_IF_I/SYNC_RXS_LAST_READ_GRAY_PROCESS[30].SYNC_RXS_LAST_READ_GRAY/data_sync7_i) is unused and will be removed from module rx_if.
WARNING: [Synth 8-3332] Sequential element (NO_INCLUDE_RX_VLAN.RX_EMAC_IF_I/SYNC_RXS_LAST_READ_GRAY_PROCESS[29].SYNC_RXS_LAST_READ_GRAY/data_sync0_i) is unused and will be removed from module rx_if.
WARNING: [Synth 8-3332] Sequential element (NO_INCLUDE_RX_VLAN.RX_EMAC_IF_I/SYNC_RXS_LAST_READ_GRAY_PROCESS[29].SYNC_RXS_LAST_READ_GRAY/data_sync1_i) is unused and will be removed from module rx_if.
WARNING: [Synth 8-3332] Sequential element (NO_INCLUDE_RX_VLAN.RX_EMAC_IF_I/SYNC_RXS_LAST_READ_GRAY_PROCESS[29].SYNC_RXS_LAST_READ_GRAY/data_sync2_i) is unused and will be removed from module rx_if.
WARNING: [Synth 8-3332] Sequential element (NO_INCLUDE_RX_VLAN.RX_EMAC_IF_I/SYNC_RXS_LAST_READ_GRAY_PROCESS[29].SYNC_RXS_LAST_READ_GRAY/data_sync3_i) is unused and will be removed from module rx_if.
WARNING: [Synth 8-3332] Sequential element (NO_INCLUDE_RX_VLAN.RX_EMAC_IF_I/SYNC_RXS_LAST_READ_GRAY_PROCESS[29].SYNC_RXS_LAST_READ_GRAY/data_sync4_i) is unused and will be removed from module rx_if.
WARNING: [Synth 8-3332] Sequential element (NO_INCLUDE_RX_VLAN.RX_EMAC_IF_I/SYNC_RXS_LAST_READ_GRAY_PROCESS[29].SYNC_RXS_LAST_READ_GRAY/data_sync5_i) is unused and will be removed from module rx_if.
WARNING: [Synth 8-3332] Sequential element (NO_INCLUDE_RX_VLAN.RX_EMAC_IF_I/SYNC_RXS_LAST_READ_GRAY_PROCESS[29].SYNC_RXS_LAST_READ_GRAY/data_sync6_i) is unused and will be removed from module rx_if.
WARNING: [Synth 8-3332] Sequential element (NO_INCLUDE_RX_VLAN.RX_EMAC_IF_I/SYNC_RXS_LAST_READ_GRAY_PROCESS[29].SYNC_RXS_LAST_READ_GRAY/data_sync7_i) is unused and will be removed from module rx_if.
WARNING: [Synth 8-3332] Sequential element (NO_INCLUDE_RX_VLAN.RX_EMAC_IF_I/SYNC_RXS_LAST_READ_GRAY_PROCESS[28].SYNC_RXS_LAST_READ_GRAY/data_sync0_i) is unused and will be removed from module rx_if.
WARNING: [Synth 8-3332] Sequential element (NO_INCLUDE_RX_VLAN.RX_EMAC_IF_I/SYNC_RXS_LAST_READ_GRAY_PROCESS[28].SYNC_RXS_LAST_READ_GRAY/data_sync1_i) is unused and will be removed from module rx_if.
WARNING: [Synth 8-3332] Sequential element (NO_INCLUDE_RX_VLAN.RX_EMAC_IF_I/SYNC_RXS_LAST_READ_GRAY_PROCESS[28].SYNC_RXS_LAST_READ_GRAY/data_sync2_i) is unused and will be removed from module rx_if.
WARNING: [Synth 8-3332] Sequential element (NO_INCLUDE_RX_VLAN.RX_EMAC_IF_I/SYNC_RXS_LAST_READ_GRAY_PROCESS[28].SYNC_RXS_LAST_READ_GRAY/data_sync3_i) is unused and will be removed from module rx_if.
WARNING: [Synth 8-3332] Sequential element (NO_INCLUDE_RX_VLAN.RX_EMAC_IF_I/SYNC_RXS_LAST_READ_GRAY_PROCESS[28].SYNC_RXS_LAST_READ_GRAY/data_sync4_i) is unused and will be removed from module rx_if.
WARNING: [Synth 8-3332] Sequential element (NO_INCLUDE_RX_VLAN.RX_EMAC_IF_I/SYNC_RXS_LAST_READ_GRAY_PROCESS[28].SYNC_RXS_LAST_READ_GRAY/data_sync5_i) is unused and will be removed from module rx_if.
WARNING: [Synth 8-3332] Sequential element (NO_INCLUDE_RX_VLAN.RX_EMAC_IF_I/SYNC_RXS_LAST_READ_GRAY_PROCESS[28].SYNC_RXS_LAST_READ_GRAY/data_sync6_i) is unused and will be removed from module rx_if.
WARNING: [Synth 8-3332] Sequential element (NO_INCLUDE_RX_VLAN.RX_EMAC_IF_I/SYNC_RXS_LAST_READ_GRAY_PROCESS[28].SYNC_RXS_LAST_READ_GRAY/data_sync7_i) is unused and will be removed from module rx_if.
WARNING: [Synth 8-3332] Sequential element (NO_INCLUDE_RX_VLAN.RX_EMAC_IF_I/SYNC_RXS_LAST_READ_GRAY_PROCESS[27].SYNC_RXS_LAST_READ_GRAY/data_sync0_i) is unused and will be removed from module rx_if.
WARNING: [Synth 8-3332] Sequential element (NO_INCLUDE_RX_VLAN.RX_EMAC_IF_I/SYNC_RXS_LAST_READ_GRAY_PROCESS[27].SYNC_RXS_LAST_READ_GRAY/data_sync1_i) is unused and will be removed from module rx_if.
WARNING: [Synth 8-3332] Sequential element (NO_INCLUDE_RX_VLAN.RX_EMAC_IF_I/SYNC_RXS_LAST_READ_GRAY_PROCESS[27].SYNC_RXS_LAST_READ_GRAY/data_sync2_i) is unused and will be removed from module rx_if.
WARNING: [Synth 8-3332] Sequential element (NO_INCLUDE_RX_VLAN.RX_EMAC_IF_I/SYNC_RXS_LAST_READ_GRAY_PROCESS[27].SYNC_RXS_LAST_READ_GRAY/data_sync3_i) is unused and will be removed from module rx_if.
WARNING: [Synth 8-3332] Sequential element (NO_INCLUDE_RX_VLAN.RX_EMAC_IF_I/SYNC_RXS_LAST_READ_GRAY_PROCESS[27].SYNC_RXS_LAST_READ_GRAY/data_sync4_i) is unused and will be removed from module rx_if.
WARNING: [Synth 8-3332] Sequential element (NO_INCLUDE_RX_VLAN.RX_EMAC_IF_I/SYNC_RXS_LAST_READ_GRAY_PROCESS[27].SYNC_RXS_LAST_READ_GRAY/data_sync5_i) is unused and will be removed from module rx_if.
WARNING: [Synth 8-3332] Sequential element (NO_INCLUDE_RX_VLAN.RX_EMAC_IF_I/SYNC_RXS_LAST_READ_GRAY_PROCESS[27].SYNC_RXS_LAST_READ_GRAY/data_sync6_i) is unused and will be removed from module rx_if.
WARNING: [Synth 8-3332] Sequential element (NO_INCLUDE_RX_VLAN.RX_EMAC_IF_I/SYNC_RXS_LAST_READ_GRAY_PROCESS[27].SYNC_RXS_LAST_READ_GRAY/data_sync7_i) is unused and will be removed from module rx_if.
WARNING: [Synth 8-3332] Sequential element (NO_INCLUDE_RX_VLAN.RX_EMAC_IF_I/SYNC_RXS_LAST_READ_GRAY_PROCESS[26].SYNC_RXS_LAST_READ_GRAY/data_sync0_i) is unused and will be removed from module rx_if.
WARNING: [Synth 8-3332] Sequential element (NO_INCLUDE_RX_VLAN.RX_EMAC_IF_I/SYNC_RXS_LAST_READ_GRAY_PROCESS[26].SYNC_RXS_LAST_READ_GRAY/data_sync1_i) is unused and will be removed from module rx_if.
WARNING: [Synth 8-3332] Sequential element (NO_INCLUDE_RX_VLAN.RX_EMAC_IF_I/SYNC_RXS_LAST_READ_GRAY_PROCESS[26].SYNC_RXS_LAST_READ_GRAY/data_sync2_i) is unused and will be removed from module rx_if.
WARNING: [Synth 8-3332] Sequential element (NO_INCLUDE_RX_VLAN.RX_EMAC_IF_I/SYNC_RXS_LAST_READ_GRAY_PROCESS[26].SYNC_RXS_LAST_READ_GRAY/data_sync3_i) is unused and will be removed from module rx_if.
WARNING: [Synth 8-3332] Sequential element (NO_INCLUDE_RX_VLAN.RX_EMAC_IF_I/SYNC_RXS_LAST_READ_GRAY_PROCESS[26].SYNC_RXS_LAST_READ_GRAY/data_sync4_i) is unused and will be removed from module rx_if.
WARNING: [Synth 8-3332] Sequential element (NO_INCLUDE_RX_VLAN.RX_EMAC_IF_I/SYNC_RXS_LAST_READ_GRAY_PROCESS[26].SYNC_RXS_LAST_READ_GRAY/data_sync5_i) is unused and will be removed from module rx_if.
WARNING: [Synth 8-3332] Sequential element (NO_INCLUDE_RX_VLAN.RX_EMAC_IF_I/SYNC_RXS_LAST_READ_GRAY_PROCESS[26].SYNC_RXS_LAST_READ_GRAY/data_sync6_i) is unused and will be removed from module rx_if.
WARNING: [Synth 8-3332] Sequential element (NO_INCLUDE_RX_VLAN.RX_EMAC_IF_I/SYNC_RXS_LAST_READ_GRAY_PROCESS[26].SYNC_RXS_LAST_READ_GRAY/data_sync7_i) is unused and will be removed from module rx_if.
WARNING: [Synth 8-3332] Sequential element (NO_INCLUDE_RX_VLAN.RX_EMAC_IF_I/SYNC_RXS_LAST_READ_GRAY_PROCESS[25].SYNC_RXS_LAST_READ_GRAY/data_sync0_i) is unused and will be removed from module rx_if.
WARNING: [Synth 8-3332] Sequential element (NO_INCLUDE_RX_VLAN.RX_EMAC_IF_I/SYNC_RXS_LAST_READ_GRAY_PROCESS[25].SYNC_RXS_LAST_READ_GRAY/data_sync1_i) is unused and will be removed from module rx_if.
WARNING: [Synth 8-3332] Sequential element (NO_INCLUDE_RX_VLAN.RX_EMAC_IF_I/SYNC_RXS_LAST_READ_GRAY_PROCESS[25].SYNC_RXS_LAST_READ_GRAY/data_sync2_i) is unused and will be removed from module rx_if.
WARNING: [Synth 8-3332] Sequential element (NO_INCLUDE_RX_VLAN.RX_EMAC_IF_I/SYNC_RXS_LAST_READ_GRAY_PROCESS[25].SYNC_RXS_LAST_READ_GRAY/data_sync3_i) is unused and will be removed from module rx_if.
WARNING: [Synth 8-3332] Sequential element (NO_INCLUDE_RX_VLAN.RX_EMAC_IF_I/SYNC_RXS_LAST_READ_GRAY_PROCESS[25].SYNC_RXS_LAST_READ_GRAY/data_sync4_i) is unused and will be removed from module rx_if.
WARNING: [Synth 8-3332] Sequential element (NO_INCLUDE_RX_VLAN.RX_EMAC_IF_I/SYNC_RXS_LAST_READ_GRAY_PROCESS[25].SYNC_RXS_LAST_READ_GRAY/data_sync5_i) is unused and will be removed from module rx_if.
WARNING: [Synth 8-3332] Sequential element (NO_INCLUDE_RX_VLAN.RX_EMAC_IF_I/SYNC_RXS_LAST_READ_GRAY_PROCESS[25].SYNC_RXS_LAST_READ_GRAY/data_sync6_i) is unused and will be removed from module rx_if.
WARNING: [Synth 8-3332] Sequential element (NO_INCLUDE_RX_VLAN.RX_EMAC_IF_I/SYNC_RXS_LAST_READ_GRAY_PROCESS[25].SYNC_RXS_LAST_READ_GRAY/data_sync7_i) is unused and will be removed from module rx_if.
WARNING: [Synth 8-3332] Sequential element (NO_INCLUDE_RX_VLAN.RX_EMAC_IF_I/SYNC_RXS_LAST_READ_GRAY_PROCESS[24].SYNC_RXS_LAST_READ_GRAY/data_sync0_i) is unused and will be removed from module rx_if.
WARNING: [Synth 8-3332] Sequential element (NO_INCLUDE_RX_VLAN.RX_EMAC_IF_I/SYNC_RXS_LAST_READ_GRAY_PROCESS[24].SYNC_RXS_LAST_READ_GRAY/data_sync1_i) is unused and will be removed from module rx_if.
WARNING: [Synth 8-3332] Sequential element (NO_INCLUDE_RX_VLAN.RX_EMAC_IF_I/SYNC_RXS_LAST_READ_GRAY_PROCESS[24].SYNC_RXS_LAST_READ_GRAY/data_sync2_i) is unused and will be removed from module rx_if.
WARNING: [Synth 8-3332] Sequential element (NO_INCLUDE_RX_VLAN.RX_EMAC_IF_I/SYNC_RXS_LAST_READ_GRAY_PROCESS[24].SYNC_RXS_LAST_READ_GRAY/data_sync3_i) is unused and will be removed from module rx_if.
WARNING: [Synth 8-3332] Sequential element (NO_INCLUDE_RX_VLAN.RX_EMAC_IF_I/SYNC_RXS_LAST_READ_GRAY_PROCESS[24].SYNC_RXS_LAST_READ_GRAY/data_sync4_i) is unused and will be removed from module rx_if.
WARNING: [Synth 8-3332] Sequential element (NO_INCLUDE_RX_VLAN.RX_EMAC_IF_I/SYNC_RXS_LAST_READ_GRAY_PROCESS[24].SYNC_RXS_LAST_READ_GRAY/data_sync5_i) is unused and will be removed from module rx_if.
WARNING: [Synth 8-3332] Sequential element (NO_INCLUDE_RX_VLAN.RX_EMAC_IF_I/SYNC_RXS_LAST_READ_GRAY_PROCESS[24].SYNC_RXS_LAST_READ_GRAY/data_sync6_i) is unused and will be removed from module rx_if.
WARNING: [Synth 8-3332] Sequential element (NO_INCLUDE_RX_VLAN.RX_EMAC_IF_I/SYNC_RXS_LAST_READ_GRAY_PROCESS[24].SYNC_RXS_LAST_READ_GRAY/data_sync7_i) is unused and will be removed from module rx_if.
WARNING: [Synth 8-3332] Sequential element (NO_INCLUDE_RX_VLAN.RX_EMAC_IF_I/SYNC_RXS_LAST_READ_GRAY_PROCESS[23].SYNC_RXS_LAST_READ_GRAY/data_sync0_i) is unused and will be removed from module rx_if.
WARNING: [Synth 8-3332] Sequential element (NO_INCLUDE_RX_VLAN.RX_EMAC_IF_I/SYNC_RXS_LAST_READ_GRAY_PROCESS[23].SYNC_RXS_LAST_READ_GRAY/data_sync1_i) is unused and will be removed from module rx_if.
WARNING: [Synth 8-3332] Sequential element (NO_INCLUDE_RX_VLAN.RX_EMAC_IF_I/SYNC_RXS_LAST_READ_GRAY_PROCESS[23].SYNC_RXS_LAST_READ_GRAY/data_sync2_i) is unused and will be removed from module rx_if.
WARNING: [Synth 8-3332] Sequential element (NO_INCLUDE_RX_VLAN.RX_EMAC_IF_I/SYNC_RXS_LAST_READ_GRAY_PROCESS[23].SYNC_RXS_LAST_READ_GRAY/data_sync3_i) is unused and will be removed from module rx_if.
WARNING: [Synth 8-3332] Sequential element (NO_INCLUDE_RX_VLAN.RX_EMAC_IF_I/SYNC_RXS_LAST_READ_GRAY_PROCESS[23].SYNC_RXS_LAST_READ_GRAY/data_sync4_i) is unused and will be removed from module rx_if.
WARNING: [Synth 8-3332] Sequential element (NO_INCLUDE_RX_VLAN.RX_EMAC_IF_I/SYNC_RXS_LAST_READ_GRAY_PROCESS[23].SYNC_RXS_LAST_READ_GRAY/data_sync5_i) is unused and will be removed from module rx_if.
WARNING: [Synth 8-3332] Sequential element (NO_INCLUDE_RX_VLAN.RX_EMAC_IF_I/SYNC_RXS_LAST_READ_GRAY_PROCESS[23].SYNC_RXS_LAST_READ_GRAY/data_sync6_i) is unused and will be removed from module rx_if.
WARNING: [Synth 8-3332] Sequential element (NO_INCLUDE_RX_VLAN.RX_EMAC_IF_I/SYNC_RXS_LAST_READ_GRAY_PROCESS[23].SYNC_RXS_LAST_READ_GRAY/data_sync7_i) is unused and will be removed from module rx_if.
WARNING: [Synth 8-3332] Sequential element (NO_INCLUDE_RX_VLAN.RX_EMAC_IF_I/SYNC_RXS_LAST_READ_GRAY_PROCESS[22].SYNC_RXS_LAST_READ_GRAY/data_sync0_i) is unused and will be removed from module rx_if.
WARNING: [Synth 8-3332] Sequential element (NO_INCLUDE_RX_VLAN.RX_EMAC_IF_I/SYNC_RXS_LAST_READ_GRAY_PROCESS[22].SYNC_RXS_LAST_READ_GRAY/data_sync1_i) is unused and will be removed from module rx_if.
WARNING: [Synth 8-3332] Sequential element (NO_INCLUDE_RX_VLAN.RX_EMAC_IF_I/SYNC_RXS_LAST_READ_GRAY_PROCESS[22].SYNC_RXS_LAST_READ_GRAY/data_sync2_i) is unused and will be removed from module rx_if.
WARNING: [Synth 8-3332] Sequential element (NO_INCLUDE_RX_VLAN.RX_EMAC_IF_I/SYNC_RXS_LAST_READ_GRAY_PROCESS[22].SYNC_RXS_LAST_READ_GRAY/data_sync3_i) is unused and will be removed from module rx_if.
INFO: [Common 17-14] Message 'Synth 8-3332' appears 100 times and further instances of the messages will be disabled. Use the Tcl command set_msg_config to change the current settings.
---------------------------------------------------------------------------------
Finished Cross Boundary and Area Optimization : Time (s): cpu = 00:00:41 ; elapsed = 00:00:46 . Memory (MB): peak = 3635.723 ; gain = 541.270 ; free physical = 2639 ; free virtual = 14078
Synthesis current peak Physical Memory [PSS] (MB): peak = 2230.911; parent = 2076.211; children = 155.412
Synthesis current peak Virtual Memory [VSS] (MB): peak = 4595.156; parent = 3603.711; children = 991.445
---------------------------------------------------------------------------------
---------------------------------------------------------------------------------
Start ROM, RAM, DSP, Shift Register and Retiming Reporting
---------------------------------------------------------------------------------

Block RAM: Preliminary Mapping Report (see note below)
+----------------------------------------------------------------+----------------------------------+------------------------+---+---+------------------------+---+---+------------------+--------+--------+-----------------+
|Module Name                                                     | RTL Object                       | PORT A (Depth x Width) | W | R | PORT B (Depth x Width) | W | R | Ports driving FF | RAMB18 | RAMB36 | Cascade Heights | 
+----------------------------------------------------------------+----------------------------------+------------------------+---+---+------------------------+---+---+------------------+--------+--------+-----------------+
|xpm_memory_tdpram:/xpm_memory_base_inst                         | gen_wr_a.gen_word_narrow.mem_reg | 1 K x 36(NO_CHANGE)    | W | R | 1 K x 36(NO_CHANGE)    | W | R | Port A and B     | 0      | 1      | 1               | 
|U0/RCV_INTFCE_I/\RX_DP_MEM_IF_I/I_RXS_MEM /xpm_memory_base_inst | gen_wr_a.gen_word_narrow.mem_reg | 512 x 36(NO_CHANGE)    | W | R | 512 x 36(NO_CHANGE)    | W | R | Port A and B     | 0      | 1      | 1               | 
|xpm_memory_tdpram:/xpm_memory_base_inst                         | gen_wr_a.gen_word_narrow.mem_reg | 1 K x 36(NO_CHANGE)    | W | R | 1 K x 36(NO_CHANGE)    | W | R | Port A and B     | 0      | 1      | 1               | 
+----------------------------------------------------------------+----------------------------------+------------------------+---+---+------------------------+---+---+------------------+--------+--------+-----------------+

Note: The table above is a preliminary report that shows the Block RAMs at the current stage of the synthesis flow. Some Block RAMs may be reimplemented as non Block RAM primitives later in the synthesis flow. Multiple instantiated Block RAMs are reported only once. 

Distributed RAM: Preliminary Mapping Report (see note below)
+--------------------------------------------------------------------------------------------------------------------+----------------------------------+----------------+----------------------+---------------+
|Module Name                                                                                                         | RTL Object                       | Inference      | Size (Depth x Width) | Primitives    | 
+--------------------------------------------------------------------------------------------------------------------+----------------------------------+----------------+----------------------+---------------+
|U0/RCV_INTFCE_I/\RX_AXISTREAM_IF_I/ELASTIC_FIFO/I_BASIC_SFIFO /xpm_fifo_base_inst/\gen_sdpram.xpm_memory_base_inst  | gen_wr_a.gen_word_narrow.mem_reg | User Attribute | 32 x 36              | RAM32M16 x 3  | 
+--------------------------------------------------------------------------------------------------------------------+----------------------------------+----------------+----------------------+---------------+

Note: The table above is a preliminary report that shows the Distributed RAMs at the current stage of the synthesis flow. Some Distributed RAMs may be reimplemented as non Distributed RAM primitives later in the synthesis flow. Multiple instantiated RAMs are reported only once.
---------------------------------------------------------------------------------
Finished ROM, RAM, DSP, Shift Register and Retiming Reporting
---------------------------------------------------------------------------------
---------------------------------------------------------------------------------
Start Applying XDC Timing Constraints
---------------------------------------------------------------------------------
---------------------------------------------------------------------------------
Finished Applying XDC Timing Constraints : Time (s): cpu = 00:00:51 ; elapsed = 00:00:57 . Memory (MB): peak = 3993.051 ; gain = 898.598 ; free physical = 8627 ; free virtual = 23818
Synthesis current peak Physical Memory [PSS] (MB): peak = 2230.911; parent = 2076.211; children = 155.412
Synthesis current peak Virtual Memory [VSS] (MB): peak = 4984.500; parent = 3993.055; children = 991.445
---------------------------------------------------------------------------------
---------------------------------------------------------------------------------
Start Timing Optimization
---------------------------------------------------------------------------------
---------------------------------------------------------------------------------
Finished Timing Optimization : Time (s): cpu = 00:00:51 ; elapsed = 00:00:57 . Memory (MB): peak = 3997.051 ; gain = 902.598 ; free physical = 8412 ; free virtual = 23712
Synthesis current peak Physical Memory [PSS] (MB): peak = 2230.911; parent = 2076.211; children = 155.412
Synthesis current peak Virtual Memory [VSS] (MB): peak = 4988.500; parent = 3997.055; children = 991.445
---------------------------------------------------------------------------------
---------------------------------------------------------------------------------
Start ROM, RAM, DSP, Shift Register and Retiming Reporting
---------------------------------------------------------------------------------

Block RAM: Final Mapping Report
+----------------------------------------------------------------+----------------------------------+------------------------+---+---+------------------------+---+---+------------------+--------+--------+-----------------+
|Module Name                                                     | RTL Object                       | PORT A (Depth x Width) | W | R | PORT B (Depth x Width) | W | R | Ports driving FF | RAMB18 | RAMB36 | Cascade Heights | 
+----------------------------------------------------------------+----------------------------------+------------------------+---+---+------------------------+---+---+------------------+--------+--------+-----------------+
|xpm_memory_tdpram:/xpm_memory_base_inst                         | gen_wr_a.gen_word_narrow.mem_reg | 1 K x 36(NO_CHANGE)    | W | R | 1 K x 36(NO_CHANGE)    | W | R | Port A and B     | 0      | 1      | 1               | 
|U0/RCV_INTFCE_I/\RX_DP_MEM_IF_I/I_RXS_MEM /xpm_memory_base_inst | gen_wr_a.gen_word_narrow.mem_reg | 512 x 36(NO_CHANGE)    | W | R | 512 x 36(NO_CHANGE)    | W | R | Port A and B     | 0      | 1      | 1               | 
|xpm_memory_tdpram:/xpm_memory_base_inst                         | gen_wr_a.gen_word_narrow.mem_reg | 1 K x 36(NO_CHANGE)    | W | R | 1 K x 36(NO_CHANGE)    | W | R | Port A and B     | 0      | 1      | 1               | 
+----------------------------------------------------------------+----------------------------------+------------------------+---+---+------------------------+---+---+------------------+--------+--------+-----------------+


Distributed RAM: Final Mapping Report
+--------------------------------------------------------------------------------------------------------------------+----------------------------------+----------------+----------------------+---------------+
|Module Name                                                                                                         | RTL Object                       | Inference      | Size (Depth x Width) | Primitives    | 
+--------------------------------------------------------------------------------------------------------------------+----------------------------------+----------------+----------------------+---------------+
|U0/RCV_INTFCE_I/\RX_AXISTREAM_IF_I/ELASTIC_FIFO/I_BASIC_SFIFO /xpm_fifo_base_inst/\gen_sdpram.xpm_memory_base_inst  | gen_wr_a.gen_word_narrow.mem_reg | User Attribute | 32 x 36              | RAM32M16 x 3  | 
+--------------------------------------------------------------------------------------------------------------------+----------------------------------+----------------+----------------------+---------------+

---------------------------------------------------------------------------------
Finished ROM, RAM, DSP, Shift Register and Retiming Reporting
---------------------------------------------------------------------------------
---------------------------------------------------------------------------------
Start Technology Mapping
---------------------------------------------------------------------------------
INFO: [Synth 8-7052] The timing for the instance U0/RCV_INTFCE_I/RX_DP_MEM_IF_I/I_RXD_MEM/xpm_memory_base_inst/gen_wr_a.gen_word_narrow.mem_reg_bram_0 (implemented as a Block RAM) might be sub-optimal as no optional output register could be merged into the ram block. Providing additional output register may help in improving timing.
INFO: [Synth 8-7052] The timing for the instance U0/RCV_INTFCE_I/RX_DP_MEM_IF_I/I_RXS_MEM/xpm_memory_base_inst/gen_wr_a.gen_word_narrow.mem_reg_bram_0 (implemented as a Block RAM) might be sub-optimal as no optional output register could be merged into the ram block. Providing additional output register may help in improving timing.
INFO: [Synth 8-7052] The timing for the instance U0/TX_INTFCE_I/TX_MEM_INTERFACE/TXD_MEM/xpm_memory_base_inst/gen_blk_box.gen_bb_async.xpm_memory_base_inst/gen_blk_box.gen_bb_async.xpm_memory_base_inst_bram_0 (implemented as a Block RAM) might be sub-optimal as no optional output register could be merged into the ram block. Providing additional output register may help in improving timing.
INFO: [Synth 8-7052] The timing for the instance U0/TX_INTFCE_I/TX_MEM_INTERFACE/TXC_MEM/xpm_memory_base_inst/gen_wr_a.gen_word_narrow.mem_reg_bram_0 (implemented as a Block RAM) might be sub-optimal as no optional output register could be merged into the ram block. Providing additional output register may help in improving timing.
INFO: [Synth 8-7052] The timing for the instance U0/TX_INTFCE_I/TX_MEM_INTERFACE/TXC_MEM/xpm_memory_base_inst/gen_wr_a.gen_word_narrow.mem_reg_bram_0 (implemented as a Block RAM) might be sub-optimal as no optional output register could be merged into the ram block. Providing additional output register may help in improving timing.
---------------------------------------------------------------------------------
Finished Technology Mapping : Time (s): cpu = 00:00:53 ; elapsed = 00:00:59 . Memory (MB): peak = 4033.105 ; gain = 938.652 ; free physical = 8010 ; free virtual = 23417
Synthesis current peak Physical Memory [PSS] (MB): peak = 2230.911; parent = 2076.211; children = 155.412
Synthesis current peak Virtual Memory [VSS] (MB): peak = 5024.555; parent = 4033.109; children = 991.445
---------------------------------------------------------------------------------
---------------------------------------------------------------------------------
Start IO Insertion
---------------------------------------------------------------------------------
---------------------------------------------------------------------------------
Start Flattening Before IO Insertion
---------------------------------------------------------------------------------
---------------------------------------------------------------------------------
Finished Flattening Before IO Insertion
---------------------------------------------------------------------------------
---------------------------------------------------------------------------------
Start Final Netlist Cleanup
---------------------------------------------------------------------------------
---------------------------------------------------------------------------------
Finished Final Netlist Cleanup
---------------------------------------------------------------------------------
---------------------------------------------------------------------------------
Finished IO Insertion : Time (s): cpu = 00:00:57 ; elapsed = 00:01:04 . Memory (MB): peak = 4042.012 ; gain = 947.559 ; free physical = 3380 ; free virtual = 19150
Synthesis current peak Physical Memory [PSS] (MB): peak = 2230.911; parent = 2076.211; children = 155.412
Synthesis current peak Virtual Memory [VSS] (MB): peak = 5033.461; parent = 4042.016; children = 991.445
---------------------------------------------------------------------------------
---------------------------------------------------------------------------------
Start Renaming Generated Instances
---------------------------------------------------------------------------------
---------------------------------------------------------------------------------
Finished Renaming Generated Instances : Time (s): cpu = 00:00:57 ; elapsed = 00:01:04 . Memory (MB): peak = 4042.012 ; gain = 947.559 ; free physical = 3352 ; free virtual = 19122
Synthesis current peak Physical Memory [PSS] (MB): peak = 2230.911; parent = 2076.211; children = 155.412
Synthesis current peak Virtual Memory [VSS] (MB): peak = 5033.461; parent = 4042.016; children = 991.445
---------------------------------------------------------------------------------
---------------------------------------------------------------------------------
Start Rebuilding User Hierarchy
---------------------------------------------------------------------------------
---------------------------------------------------------------------------------
Finished Rebuilding User Hierarchy : Time (s): cpu = 00:00:58 ; elapsed = 00:01:04 . Memory (MB): peak = 4042.012 ; gain = 947.559 ; free physical = 3316 ; free virtual = 19087
Synthesis current peak Physical Memory [PSS] (MB): peak = 2230.911; parent = 2076.211; children = 155.412
Synthesis current peak Virtual Memory [VSS] (MB): peak = 5033.461; parent = 4042.016; children = 991.445
---------------------------------------------------------------------------------
---------------------------------------------------------------------------------
Start Renaming Generated Ports
---------------------------------------------------------------------------------
---------------------------------------------------------------------------------
Finished Renaming Generated Ports : Time (s): cpu = 00:00:58 ; elapsed = 00:01:05 . Memory (MB): peak = 4042.012 ; gain = 947.559 ; free physical = 3302 ; free virtual = 19074
Synthesis current peak Physical Memory [PSS] (MB): peak = 2230.911; parent = 2076.211; children = 155.412
Synthesis current peak Virtual Memory [VSS] (MB): peak = 5033.461; parent = 4042.016; children = 991.445
---------------------------------------------------------------------------------
---------------------------------------------------------------------------------
Start Handling Custom Attributes
---------------------------------------------------------------------------------
---------------------------------------------------------------------------------
Finished Handling Custom Attributes : Time (s): cpu = 00:00:58 ; elapsed = 00:01:05 . Memory (MB): peak = 4042.012 ; gain = 947.559 ; free physical = 3294 ; free virtual = 19065
Synthesis current peak Physical Memory [PSS] (MB): peak = 2230.911; parent = 2076.211; children = 155.412
Synthesis current peak Virtual Memory [VSS] (MB): peak = 5033.461; parent = 4042.016; children = 991.445
---------------------------------------------------------------------------------
---------------------------------------------------------------------------------
Start Renaming Generated Nets
---------------------------------------------------------------------------------
---------------------------------------------------------------------------------
Finished Renaming Generated Nets : Time (s): cpu = 00:00:58 ; elapsed = 00:01:05 . Memory (MB): peak = 4042.012 ; gain = 947.559 ; free physical = 3283 ; free virtual = 19055
Synthesis current peak Physical Memory [PSS] (MB): peak = 2230.911; parent = 2076.211; children = 155.412
Synthesis current peak Virtual Memory [VSS] (MB): peak = 5033.461; parent = 4042.016; children = 991.445
---------------------------------------------------------------------------------
---------------------------------------------------------------------------------
Start ROM, RAM, DSP, Shift Register and Retiming Reporting
---------------------------------------------------------------------------------

Static Shift Register Report:
+----------------------------+---------------------------------------------------------------------------+--------+-------+--------------+--------------------+-------------------+--------+---------+
|Module Name                 | RTL Name                                                                  | Length | Width | Reset Signal | Pull out first Reg | Pull out last Reg | SRL16E | SRLC32E | 
+----------------------------+---------------------------------------------------------------------------+--------+-------+--------------+--------------------+-------------------+--------+---------+
|axi_ethernet_buffer_v2_0_24 | RCV_INTFCE_I/NO_INCLUDE_RX_VLAN.RX_EMAC_IF_I/start_of_frame_array_reg[9]  | 6      | 1     | YES          | NO                 | YES               | 1      | 0       | 
|axi_ethernet_buffer_v2_0_24 | RCV_INTFCE_I/NO_INCLUDE_RX_VLAN.RX_EMAC_IF_I/start_of_frame_array_reg[18] | 9      | 1     | YES          | NO                 | YES               | 1      | 0       | 
|axi_ethernet_buffer_v2_0_24 | RCV_INTFCE_I/end_of_frame_reset_array_reg[12]                             | 12     | 1     | YES          | NO                 | YES               | 1      | 0       | 
+----------------------------+---------------------------------------------------------------------------+--------+-------+--------------+--------------------+-------------------+--------+---------+

---------------------------------------------------------------------------------
Finished ROM, RAM, DSP, Shift Register and Retiming Reporting
---------------------------------------------------------------------------------
---------------------------------------------------------------------------------
Start Writing Synthesis Report
---------------------------------------------------------------------------------

Report BlackBoxes: 
+-+--------------+----------+
| |BlackBox name |Instances |
+-+--------------+----------+
+-+--------------+----------+

Report Cell Usage: 
+------+---------+------+
|      |Cell     |Count |
+------+---------+------+
|1     |CARRY8   |    25|
|2     |LUT1     |    70|
|3     |LUT2     |   418|
|4     |LUT3     |   187|
|5     |LUT4     |   361|
|6     |LUT5     |   335|
|7     |LUT6     |   577|
|8     |MUXF7    |     2|
|9     |RAM32M16 |     3|
|10    |RAMB36E2 |     4|
|12    |SRL16E   |     3|
|13    |FDPE     |   130|
|14    |FDRE     |  2571|
|15    |FDSE     |   121|
+------+---------+------+
---------------------------------------------------------------------------------
Finished Writing Synthesis Report : Time (s): cpu = 00:00:58 ; elapsed = 00:01:05 . Memory (MB): peak = 4042.012 ; gain = 947.559 ; free physical = 3279 ; free virtual = 19051
Synthesis current peak Physical Memory [PSS] (MB): peak = 2230.911; parent = 2076.211; children = 155.412
Synthesis current peak Virtual Memory [VSS] (MB): peak = 5033.461; parent = 4042.016; children = 991.445
---------------------------------------------------------------------------------
Synthesis finished with 0 errors, 0 critical warnings and 928 warnings.
Synthesis Optimization Runtime : Time (s): cpu = 00:00:51 ; elapsed = 00:00:58 . Memory (MB): peak = 4042.012 ; gain = 782.809 ; free physical = 3280 ; free virtual = 19064
Synthesis Optimization Complete : Time (s): cpu = 00:00:58 ; elapsed = 00:01:05 . Memory (MB): peak = 4042.020 ; gain = 947.559 ; free physical = 3268 ; free virtual = 19052
INFO: [Project 1-571] Translating synthesized netlist
Netlist sorting complete. Time (s): cpu = 00:00:00.05 ; elapsed = 00:00:00.04 . Memory (MB): peak = 4042.020 ; gain = 0.000 ; free physical = 3334 ; free virtual = 19119
INFO: [Netlist 29-17] Analyzing 30 Unisim elements for replacement
INFO: [Netlist 29-28] Unisim Transformation completed in 0 CPU seconds
INFO: [Project 1-570] Preparing netlist for logic optimization
INFO: [Opt 31-138] Pushed 0 inverter(s) to 0 load pin(s).
Netlist sorting complete. Time (s): cpu = 00:00:00 ; elapsed = 00:00:00 . Memory (MB): peak = 4083.836 ; gain = 0.000 ; free physical = 3128 ; free virtual = 18917
INFO: [Project 1-111] Unisim Transformation Summary:
  A total of 3 instances were transformed.
  RAM32M16 => RAM32M16 (RAMD32(x14), RAMS32(x2)): 3 instances

Synth Design complete, checksum: d6ccf340
INFO: [Common 17-83] Releasing license: Synthesis
106 Infos, 203 Warnings, 0 Critical Warnings and 0 Errors encountered.
synth_design completed successfully
synth_design: Time (s): cpu = 00:01:09 ; elapsed = 00:01:13 . Memory (MB): peak = 4083.836 ; gain = 1896.508 ; free physical = 3304 ; free virtual = 19093
INFO: [Common 17-1381] The checkpoint '/home/denmann99/Documents/kria_eth/hw/kria_state_machine/kria_state_machine.runs/bd_17e7_eth_buf_0_synth_1/bd_17e7_eth_buf_0.dcp' has been generated.
INFO: [Coretcl 2-1648] Added synthesis output to IP cache for IP bd_17e7_eth_buf_0, cache-ID = 4b88966decc12020
INFO: [Coretcl 2-1174] Renamed 152 cell refs.
INFO: [Common 17-1381] The checkpoint '/home/denmann99/Documents/kria_eth/hw/kria_state_machine/kria_state_machine.runs/bd_17e7_eth_buf_0_synth_1/bd_17e7_eth_buf_0.dcp' has been generated.
INFO: [runtcl-4] Executing : report_utilization -file bd_17e7_eth_buf_0_utilization_synth.rpt -pb bd_17e7_eth_buf_0_utilization_synth.pb
INFO: [Common 17-206] Exiting Vivado at Tue Apr  4 17:50:47 2023...
