Copyright 1986-2022 Xilinx, Inc. All Rights Reserved.
------------------------------------------------------------------------------------------------------------
| Tool Version      : Vivado v.2022.2 (lin64) Build 3671981 Fri Oct 14 04:59:54 MDT 2022
| Date              : Fri Oct 14 13:21:55 2022
| Host              : xcosswbld07 running 64-bit Ubuntu 18.04.5 LTS
| Command           : report_clock_utilization -file kr260_starter_kit_wrapper_clock_utilization_routed.rpt
| Design            : kr260_starter_kit_wrapper
| Device            : xck26-sfvc784
| Speed File        : -2LV  PRODUCTION 1.30 05-15-2022
| Temperature Grade : C
| Design State      : Routed
------------------------------------------------------------------------------------------------------------

Clock Utilization Report

Table of Contents
-----------------
1. Clock Primitive Utilization
2. Global Clock Resources
3. Global Clock Source Details
4. Clock Regions : Clock Primitives
5. Clock Regions : Load Primitives
6. Clock Regions : Global Clock Summary
7. Clock Regions : Routing Resource Utilization

1. Clock Primitive Utilization
------------------------------

+------------+------+-----------+-----+--------------+--------+
| Type       | Used | Available | LOC | Clock Region | Pblock |
+------------+------+-----------+-----+--------------+--------+
| BUFGCE     |    0 |       112 |   0 |            0 |      0 |
| BUFGCE_DIV |    0 |        16 |   0 |            0 |      0 |
| BUFGCTRL   |    0 |        32 |   0 |            0 |      0 |
| BUFG_GT    |    0 |        96 |   0 |            0 |      0 |
| BUFG_PS    |    0 |        96 |   0 |            0 |      0 |
| MMCM       |    0 |         4 |   0 |            0 |      0 |
| PLL        |    0 |         8 |   0 |            0 |      0 |
+------------+------+-----------+-----+--------------+--------+


2. Global Clock Resources
-------------------------

+-----------+-----------+-----------------+------------+------+--------------+------+-------------------+-------------------+-------------+-----------------+--------------+-------+------------+-----+
| Global Id | Source Id | Driver Type/Pin | Constraint | Site | Clock Region | Root | Clock Delay Group | Load Clock Region | Clock Loads | Non-Clock Loads | Clock Period | Clock | Driver Pin | Net |
+-----------+-----------+-----------------+------------+------+--------------+------+-------------------+-------------------+-------------+-----------------+--------------+-------+------------+-----+
* Clock Loads column represents cell count of net connects that connect to a clock pin. Internal cell leaf pins are not considered
** Non-Clock Loads column represents cell count of non-clock pin loads


3. Global Clock Source Details
------------------------------

+-----------+-----------+-----------------+------------+------+--------------+-------------+-----------------+---------------------+--------------+------------+-----+
| Source Id | Global Id | Driver Type/Pin | Constraint | Site | Clock Region | Clock Loads | Non-Clock Loads | Source Clock Period | Source Clock | Driver Pin | Net |
+-----------+-----------+-----------------+------------+------+--------------+-------------+-----------------+---------------------+--------------+------------+-----+
* Clock Loads column represents cell count of net connects that connect to a clock pin. Internal cell leaf pins are not considered
** Non-Clock Loads column represents cell count of non-clock pin loads


4. Clock Regions : Clock Primitives
-----------------------------------

+-------------------+---------------+---------------+---------------+---------------+---------------+---------------+---------------+---------------+
|                   |  Global Clock |     BUFGCE    |   BUFGCE_DIV  |    BUFGCTRL   |    BUFG_GT    |    BUFG_PS    |      MMCM     |      PLL      |
+-------------------+-------+-------+-------+-------+-------+-------+-------+-------+-------+-------+-------+-------+-------+-------+-------+-------+
| Clock Region Name | Used  | Avail | Used  | Avail | Used  | Avail | Used  | Avail | Used  | Avail | Used  | Avail | Used  | Avail | Used  | Avail |
+-------------------+-------+-------+-------+-------+-------+-------+-------+-------+-------+-------+-------+-------+-------+-------+-------+-------+
| X0Y0              |     0 |    24 |     0 |     4 |     0 |     0 |     0 |     0 |     0 |     0 |     0 |    24 |     0 |     0 |     0 |     0 |
| X1Y0              |     0 |    24 |     0 |    24 |     0 |     4 |     0 |     8 |     0 |     0 |     0 |     0 |     0 |     1 |     0 |     2 |
| X2Y0              |     0 |    24 |     0 |     0 |     0 |     0 |     0 |     0 |     0 |    24 |     0 |     0 |     0 |     0 |     0 |     0 |
| X0Y1              |     0 |    24 |     0 |     4 |     0 |     0 |     0 |     0 |     0 |     0 |     0 |    24 |     0 |     0 |     0 |     0 |
| X1Y1              |     0 |    24 |     0 |    24 |     0 |     4 |     0 |     8 |     0 |     0 |     0 |     0 |     0 |     1 |     0 |     2 |
| X2Y1              |     0 |    24 |     0 |     0 |     0 |     0 |     0 |     0 |     0 |    24 |     0 |     0 |     0 |     0 |     0 |     0 |
| X0Y2              |     0 |    24 |     0 |     4 |     0 |     0 |     0 |     0 |     0 |     0 |     0 |    24 |     0 |     0 |     0 |     0 |
| X1Y2              |     0 |    24 |     0 |    24 |     0 |     4 |     0 |     8 |     0 |     0 |     0 |     0 |     0 |     1 |     0 |     2 |
| X2Y2              |     0 |    24 |     0 |     0 |     0 |     0 |     0 |     0 |     0 |    24 |     0 |     0 |     0 |     0 |     0 |     0 |
| X0Y3              |     0 |    24 |     0 |     4 |     0 |     0 |     0 |     0 |     0 |     0 |     0 |    24 |     0 |     0 |     0 |     0 |
| X1Y3              |     0 |    24 |     0 |    24 |     0 |     4 |     0 |     8 |     0 |     0 |     0 |     0 |     0 |     1 |     0 |     2 |
| X2Y3              |     0 |    24 |     0 |     0 |     0 |     0 |     0 |     0 |     0 |    24 |     0 |     0 |     0 |     0 |     0 |     0 |
+-------------------+-------+-------+-------+-------+-------+-------+-------+-------+-------+-------+-------+-------+-------+-------+-------+-------+
* Global Clock column represents track count; while other columns represents cell counts


5. Clock Regions : Load Primitives
----------------------------------

+-------------------+------------------+------------------+------------------+------------------+------------------+------------------+------------------+------------------+
|                   |   Global Clock   |        FF        |      LUTRAM      |  Block RAM (18K) |       URAM       |        DSP       |        GT        |      HARD IP     |
+-------------------+--------+---------+--------+---------+--------+---------+--------+---------+--------+---------+--------+---------+--------+---------+--------+---------+
| Clock Region Name | Used   | Avail   | Used   | Avail   | Used   | Avail   | Used   | Avail   | Used   | Avail   | Used   | Avail   | Used   | Avail   | Used   | Avail   |
+-------------------+--------+---------+--------+---------+--------+---------+--------+---------+--------+---------+--------+---------+--------+---------+--------+---------+
| X0Y0              |      0 |      24 |      0 |   22080 |      0 |    6240 |      0 |       0 |      0 |       0 |      0 |     144 |      0 |       0 |      0 |       0 |
| X1Y0              |      0 |      24 |      0 |   17280 |      0 |    5280 |      0 |      24 |      0 |       0 |      0 |     144 |      0 |       0 |      0 |       0 |
| X2Y0              |      0 |      24 |      0 |   19200 |      0 |    2880 |      0 |      48 |      0 |      16 |      0 |      24 |      0 |       4 |      0 |       1 |
| X0Y1              |      0 |      24 |      0 |   22080 |      0 |    6240 |      0 |       0 |      0 |       0 |      0 |     144 |      0 |       0 |      0 |       0 |
| X1Y1              |      0 |      24 |      0 |   17280 |      0 |    5280 |      0 |      24 |      0 |       0 |      0 |     144 |      0 |       0 |      0 |       0 |
| X2Y1              |      0 |      24 |      0 |   19200 |      0 |    2880 |      0 |      48 |      0 |      16 |      0 |      24 |      0 |       4 |      0 |       1 |
| X0Y2              |      0 |      24 |      0 |   22080 |      0 |    6240 |      0 |       0 |      0 |       0 |      0 |     144 |      0 |       0 |      0 |       0 |
| X1Y2              |      0 |      24 |      0 |   17280 |      0 |    5280 |      0 |      24 |      0 |       0 |      0 |     144 |      0 |       0 |      0 |       0 |
| X2Y2              |      0 |      24 |      0 |   19200 |      0 |    2880 |      0 |      48 |      0 |      16 |      0 |      24 |      0 |       4 |      0 |       0 |
| X0Y3              |      0 |      24 |      0 |   22080 |      0 |    6240 |      0 |       0 |      0 |       0 |      0 |     144 |      0 |       0 |      0 |       0 |
| X1Y3              |      0 |      24 |      0 |   17280 |      0 |    5280 |      0 |      24 |      0 |       0 |      0 |     144 |      0 |       0 |      0 |       0 |
| X2Y3              |      0 |      24 |      0 |   19200 |      0 |    2880 |      0 |      48 |      0 |      16 |      0 |      24 |      0 |       4 |      0 |       0 |
+-------------------+--------+---------+--------+---------+--------+---------+--------+---------+--------+---------+--------+---------+--------+---------+--------+---------+
* Global Clock column represents track count; while other columns represents cell counts


6. Clock Regions : Global Clock Summary
---------------------------------------

All Modules
+----+----+----+----+
|    | X0 | X1 | X2 |
+----+----+----+----+
| Y3 |  0 |  0 |  0 |
| Y2 |  0 |  0 |  0 |
| Y1 |  0 |  0 |  0 |
| Y0 |  0 |  0 |  0 |
+----+----+----+----+


7. Clock Regions : Routing Resource Utilization
-----------------------------------------------

All Modules
+-------------------+----------------------+----------------------+----------------------+----------------------+
|                   |        HROUTES       |        HDISTRS       |        VROUTES       |        VDISTRS       |
+-------------------+------+-------+-------+------+-------+-------+------+-------+-------+------+-------+-------+
| Clock Region Name | Used | Avail | Util% | Used | Avail | Util% | Used | Avail | Util% | Used | Avail | Util% |
+-------------------+------+-------+-------+------+-------+-------+------+-------+-------+------+-------+-------+
| X0Y0              |    0 |    24 |  0.00 |    0 |    24 |  0.00 |    0 |    24 |  0.00 |    0 |    24 |  0.00 |
| X1Y0              |    0 |    24 |  0.00 |    0 |    24 |  0.00 |    0 |    24 |  0.00 |    0 |    24 |  0.00 |
| X2Y0              |    0 |    24 |  0.00 |    0 |    24 |  0.00 |    0 |    24 |  0.00 |    0 |    24 |  0.00 |
| X0Y1              |    0 |    24 |  0.00 |    0 |    24 |  0.00 |    0 |    24 |  0.00 |    0 |    24 |  0.00 |
| X1Y1              |    0 |    24 |  0.00 |    0 |    24 |  0.00 |    0 |    24 |  0.00 |    0 |    24 |  0.00 |
| X2Y1              |    0 |    24 |  0.00 |    0 |    24 |  0.00 |    0 |    24 |  0.00 |    0 |    24 |  0.00 |
| X0Y2              |    0 |    24 |  0.00 |    0 |    24 |  0.00 |    0 |    24 |  0.00 |    0 |    24 |  0.00 |
| X1Y2              |    0 |    24 |  0.00 |    0 |    24 |  0.00 |    0 |    24 |  0.00 |    0 |    24 |  0.00 |
| X2Y2              |    0 |    24 |  0.00 |    0 |    24 |  0.00 |    0 |    24 |  0.00 |    0 |    24 |  0.00 |
| X0Y3              |    0 |    24 |  0.00 |    0 |    24 |  0.00 |    0 |    24 |  0.00 |    0 |    24 |  0.00 |
| X1Y3              |    0 |    24 |  0.00 |    0 |    24 |  0.00 |    0 |    24 |  0.00 |    0 |    24 |  0.00 |
| X2Y3              |    0 |    24 |  0.00 |    0 |    24 |  0.00 |    0 |    24 |  0.00 |    0 |    24 |  0.00 |
+-------------------+------+-------+-------+------+-------+-------+------+-------+-------+------+-------+-------+


